2025-06-07 07:25:05 INFO  [background-preinit] o.h.validator.internal.util.Version - HV000001: Hibernate Validator 8.0.2.Final
2025-06-07 07:25:05 INFO  [main] b.c.a.api.AlunoOnlineApplication - Starting AlunoOnlineApplication using Java 17.0.5 with PID 34288 (D:\ambiente\sistemas\pos\pos_backend_aluno_online_2025_1\target\classes started by Fuji in D:\ambiente\sistemas\pos\pos_backend_aluno_online_2025_1)
2025-06-07 07:25:05 INFO  [main] b.c.a.api.AlunoOnlineApplication - The following 1 profile is active: "dev"
2025-06-07 07:25:05 INFO  [main] o.s.d.r.c.RepositoryConfigurationDelegate - Bootstrapping Spring Data JPA repositories in DEFAULT mode.
2025-06-07 07:25:05 INFO  [main] o.s.d.r.c.RepositoryConfigurationDelegate - Finished Spring Data repository scanning in 39 ms. Found 4 JPA repository interfaces.
2025-06-07 07:25:05 INFO  [main] o.s.cloud.context.scope.GenericScope - BeanFactory id=78ce8033-2f63-3df2-ab17-b44c19e726a5
2025-06-07 07:25:06 INFO  [main] o.s.b.w.e.tomcat.TomcatWebServer - Tomcat initialized with port 8080 (http)
2025-06-07 07:25:06 INFO  [main] o.a.coyote.http11.Http11NioProtocol - Initializing ProtocolHandler ["http-nio-8080"]
2025-06-07 07:25:06 INFO  [main] o.a.catalina.core.StandardService - Starting service [Tomcat]
2025-06-07 07:25:06 INFO  [main] o.a.catalina.core.StandardEngine - Starting Servlet engine: [Apache Tomcat/10.1.40]
2025-06-07 07:25:06 INFO  [main] o.a.c.c.C.[Tomcat].[localhost].[/] - Initializing Spring embedded WebApplicationContext
2025-06-07 07:25:06 INFO  [main] o.s.b.w.s.c.ServletWebServerApplicationContext - Root WebApplicationContext: initialization completed in 1079 ms
2025-06-07 07:25:06 INFO  [main] o.h.jpa.internal.util.LogHelper - HHH000204: Processing PersistenceUnitInfo [name: default]
2025-06-07 07:25:06 INFO  [main] org.hibernate.Version - HHH000412: Hibernate ORM core version 6.6.13.Final
2025-06-07 07:25:06 INFO  [main] o.h.c.i.RegionFactoryInitiator - HHH000026: Second-level cache disabled
2025-06-07 07:25:06 INFO  [main] o.s.o.j.p.SpringPersistenceUnitInfo - No LoadTimeWeaver setup: ignoring JPA class transformer
2025-06-07 07:25:06 INFO  [main] com.zaxxer.hikari.HikariDataSource - HikariPool-1 - Starting...
2025-06-07 07:25:06 INFO  [main] com.zaxxer.hikari.pool.HikariPool - HikariPool-1 - Added connection conn0: url=jdbc:h2:file:~/teckback user=SA
2025-06-07 07:25:06 INFO  [main] com.zaxxer.hikari.HikariDataSource - HikariPool-1 - Start completed.
2025-06-07 07:25:06 WARN  [main] org.hibernate.orm.deprecation - HHH90000025: H2Dialect does not need to be specified explicitly using 'hibernate.dialect' (remove the property setting and it will be selected by default)
2025-06-07 07:25:06 INFO  [main] o.hibernate.orm.connections.pooling - HHH10001005: Database info:
	Database JDBC URL [Connecting through datasource 'HikariDataSource (HikariPool-1)']
	Database driver: undefined/unknown
	Database version: 2.3.232
	Autocommit mode: undefined/unknown
	Isolation level: undefined/unknown
	Minimum pool size: undefined/unknown
	Maximum pool size: undefined/unknown
2025-06-07 07:25:07 INFO  [main] o.h.e.t.j.p.i.JtaPlatformInitiator - HHH000489: No JTA platform available (set 'hibernate.transaction.jta.platform' to enable JTA platform integration)
2025-06-07 07:25:07 INFO  [main] o.s.o.j.LocalContainerEntityManagerFactoryBean - Initialized JPA EntityManagerFactory for persistence unit 'default'
2025-06-07 07:25:07 INFO  [main] o.s.d.j.r.query.QueryEnhancerFactory - Hibernate is in classpath; If applicable, HQL parser will be used.
2025-06-07 07:25:08 WARN  [main] o.s.b.a.o.j.JpaBaseConfiguration$JpaWebConfiguration - spring.jpa.open-in-view is enabled by default. Therefore, database queries may be performed during view rendering. Explicitly configure spring.jpa.open-in-view to disable this warning
2025-06-07 07:25:08 INFO  [main] o.s.b.a.h.H2ConsoleAutoConfiguration - H2 console available at '/h2'. Database available at 'jdbc:h2:file:~/teckback'
2025-06-07 07:25:09 INFO  [main] o.a.coyote.http11.Http11NioProtocol - Starting ProtocolHandler ["http-nio-8080"]
2025-06-07 07:25:09 INFO  [main] o.s.b.w.e.tomcat.TomcatWebServer - Tomcat started on port 8080 (http) with context path '/'
2025-06-07 07:25:09 INFO  [main] b.c.a.api.AlunoOnlineApplication - Started AlunoOnlineApplication in 4.958 seconds (process running for 5.453)
2025-06-07 07:25:24 INFO  [http-nio-8080-exec-2] o.a.c.c.C.[Tomcat].[localhost].[/] - Initializing Spring DispatcherServlet 'dispatcherServlet'
2025-06-07 07:25:24 INFO  [http-nio-8080-exec-2] o.s.web.servlet.DispatcherServlet - Initializing Servlet 'dispatcherServlet'
2025-06-07 07:25:24 INFO  [http-nio-8080-exec-2] o.s.web.servlet.DispatcherServlet - Completed initialization in 2 ms
2025-06-07 07:25:24 INFO  [http-nio-8080-exec-2] b.c.a.api.controller.AlunoController - Consultando alunos paginados
2025-06-07 07:25:25 WARN  [http-nio-8080-exec-2] o.s.d.w.c.SpringDataJacksonConfiguration$PageModule$WarningLoggingModifier - Serializing PageImpl instances as-is is not supported, meaning that there is no guarantee about the stability of the resulting JSON structure!
	For a stable JSON structure, please use Spring Data's PagedModel (globally via @EnableSpringDataWebSupport(pageSerializationMode = VIA_DTO))
	or Spring HATEOAS and Spring Data's PagedResourcesAssembler as documented in https://docs.spring.io/spring-data/commons/reference/repositories/core-extensions.html#core.web.pageables.

2025-06-07 07:25:45 INFO  [SpringApplicationShutdownHook] o.s.b.w.e.tomcat.GracefulShutdown - Commencing graceful shutdown. Waiting for active requests to complete
2025-06-07 07:25:45 INFO  [tomcat-shutdown] o.s.b.w.e.tomcat.GracefulShutdown - Graceful shutdown complete
2025-06-07 07:25:45 INFO  [SpringApplicationShutdownHook] o.s.o.j.LocalContainerEntityManagerFactoryBean - Closing JPA EntityManagerFactory for persistence unit 'default'
2025-06-07 07:25:45 INFO  [SpringApplicationShutdownHook] com.zaxxer.hikari.HikariDataSource - HikariPool-1 - Shutdown initiated...
2025-06-07 07:25:45 INFO  [SpringApplicationShutdownHook] com.zaxxer.hikari.HikariDataSource - HikariPool-1 - Shutdown completed.
2025-06-07 07:30:50 INFO  [background-preinit] o.h.validator.internal.util.Version - HV000001: Hibernate Validator 8.0.2.Final
2025-06-07 07:30:50 INFO  [main] b.c.a.api.AlunoOnlineApplication - Starting AlunoOnlineApplication using Java 17.0.5 with PID 27196 (D:\ambiente\sistemas\pos\pos_backend_aluno_online_2025_1\target\classes started by Fuji in D:\ambiente\sistemas\pos\pos_backend_aluno_online_2025_1)
2025-06-07 07:30:50 INFO  [main] b.c.a.api.AlunoOnlineApplication - The following 1 profile is active: "dev"
2025-06-07 07:30:51 INFO  [main] o.s.d.r.c.RepositoryConfigurationDelegate - Bootstrapping Spring Data JPA repositories in DEFAULT mode.
2025-06-07 07:30:51 INFO  [main] o.s.d.r.c.RepositoryConfigurationDelegate - Finished Spring Data repository scanning in 78 ms. Found 4 JPA repository interfaces.
2025-06-07 07:30:51 INFO  [main] o.s.cloud.context.scope.GenericScope - BeanFactory id=78ce8033-2f63-3df2-ab17-b44c19e726a5
2025-06-07 07:30:52 INFO  [main] o.s.b.w.e.tomcat.TomcatWebServer - Tomcat initialized with port 8080 (http)
2025-06-07 07:30:52 INFO  [main] o.a.coyote.http11.Http11NioProtocol - Initializing ProtocolHandler ["http-nio-8080"]
2025-06-07 07:30:52 INFO  [main] o.a.catalina.core.StandardService - Starting service [Tomcat]
2025-06-07 07:30:52 INFO  [main] o.a.catalina.core.StandardEngine - Starting Servlet engine: [Apache Tomcat/10.1.40]
2025-06-07 07:30:52 INFO  [main] o.a.c.c.C.[Tomcat].[localhost].[/] - Initializing Spring embedded WebApplicationContext
2025-06-07 07:30:52 INFO  [main] o.s.b.w.s.c.ServletWebServerApplicationContext - Root WebApplicationContext: initialization completed in 1200 ms
2025-06-07 07:30:52 INFO  [main] o.h.jpa.internal.util.LogHelper - HHH000204: Processing PersistenceUnitInfo [name: default]
2025-06-07 07:30:52 INFO  [main] org.hibernate.Version - HHH000412: Hibernate ORM core version 6.6.13.Final
2025-06-07 07:30:52 INFO  [main] o.h.c.i.RegionFactoryInitiator - HHH000026: Second-level cache disabled
2025-06-07 07:30:52 INFO  [main] o.s.o.j.p.SpringPersistenceUnitInfo - No LoadTimeWeaver setup: ignoring JPA class transformer
2025-06-07 07:30:52 INFO  [main] com.zaxxer.hikari.HikariDataSource - HikariPool-1 - Starting...
2025-06-07 07:30:52 INFO  [main] com.zaxxer.hikari.pool.HikariPool - HikariPool-1 - Added connection conn0: url=jdbc:h2:file:~/teckback user=SA
2025-06-07 07:30:52 INFO  [main] com.zaxxer.hikari.HikariDataSource - HikariPool-1 - Start completed.
2025-06-07 07:30:52 WARN  [main] org.hibernate.orm.deprecation - HHH90000025: H2Dialect does not need to be specified explicitly using 'hibernate.dialect' (remove the property setting and it will be selected by default)
2025-06-07 07:30:52 INFO  [main] o.hibernate.orm.connections.pooling - HHH10001005: Database info:
	Database JDBC URL [Connecting through datasource 'HikariDataSource (HikariPool-1)']
	Database driver: undefined/unknown
	Database version: 2.3.232
	Autocommit mode: undefined/unknown
	Isolation level: undefined/unknown
	Minimum pool size: undefined/unknown
	Maximum pool size: undefined/unknown
2025-06-07 07:30:53 INFO  [main] o.h.e.t.j.p.i.JtaPlatformInitiator - HHH000489: No JTA platform available (set 'hibernate.transaction.jta.platform' to enable JTA platform integration)
2025-06-07 07:30:53 INFO  [main] o.s.o.j.LocalContainerEntityManagerFactoryBean - Initialized JPA EntityManagerFactory for persistence unit 'default'
2025-06-07 07:30:53 INFO  [main] o.s.d.j.r.query.QueryEnhancerFactory - Hibernate is in classpath; If applicable, HQL parser will be used.
2025-06-07 07:30:54 WARN  [main] o.s.b.a.o.j.JpaBaseConfiguration$JpaWebConfiguration - spring.jpa.open-in-view is enabled by default. Therefore, database queries may be performed during view rendering. Explicitly configure spring.jpa.open-in-view to disable this warning
2025-06-07 07:30:54 INFO  [main] o.s.b.a.h.H2ConsoleAutoConfiguration - H2 console available at '/h2'. Database available at 'jdbc:h2:file:~/teckback'
2025-06-07 07:30:54 INFO  [main] o.a.coyote.http11.Http11NioProtocol - Starting ProtocolHandler ["http-nio-8080"]
2025-06-07 07:30:54 INFO  [main] o.s.b.w.e.tomcat.TomcatWebServer - Tomcat started on port 8080 (http) with context path '/'
2025-06-07 07:30:55 INFO  [main] b.c.a.api.AlunoOnlineApplication - Started AlunoOnlineApplication in 4.939 seconds (process running for 5.449)
2025-06-07 07:33:24 INFO  [SpringApplicationShutdownHook] o.s.b.w.e.tomcat.GracefulShutdown - Commencing graceful shutdown. Waiting for active requests to complete
2025-06-07 07:33:24 INFO  [tomcat-shutdown] o.s.b.w.e.tomcat.GracefulShutdown - Graceful shutdown complete
2025-06-07 07:33:24 INFO  [SpringApplicationShutdownHook] o.s.o.j.LocalContainerEntityManagerFactoryBean - Closing JPA EntityManagerFactory for persistence unit 'default'
2025-06-07 07:33:24 INFO  [SpringApplicationShutdownHook] com.zaxxer.hikari.HikariDataSource - HikariPool-1 - Shutdown initiated...
2025-06-07 07:33:24 INFO  [SpringApplicationShutdownHook] com.zaxxer.hikari.HikariDataSource - HikariPool-1 - Shutdown completed.
2025-06-07 07:33:30 INFO  [background-preinit] o.h.validator.internal.util.Version - HV000001: Hibernate Validator 8.0.2.Final
2025-06-07 07:33:30 INFO  [main] b.c.a.api.AlunoOnlineApplication - Starting AlunoOnlineApplication using Java 17.0.5 with PID 13348 (D:\ambiente\sistemas\pos\pos_backend_aluno_online_2025_1\target\classes started by Fuji in D:\ambiente\sistemas\pos\pos_backend_aluno_online_2025_1)
2025-06-07 07:33:30 INFO  [main] b.c.a.api.AlunoOnlineApplication - The following 1 profile is active: "dev"
2025-06-07 07:33:30 INFO  [main] o.s.d.r.c.RepositoryConfigurationDelegate - Bootstrapping Spring Data JPA repositories in DEFAULT mode.
2025-06-07 07:33:30 INFO  [main] o.s.d.r.c.RepositoryConfigurationDelegate - Finished Spring Data repository scanning in 51 ms. Found 4 JPA repository interfaces.
2025-06-07 07:33:30 INFO  [main] o.s.cloud.context.scope.GenericScope - BeanFactory id=78ce8033-2f63-3df2-ab17-b44c19e726a5
2025-06-07 07:33:31 INFO  [main] o.s.b.w.e.tomcat.TomcatWebServer - Tomcat initialized with port 8080 (http)
2025-06-07 07:33:31 INFO  [main] o.a.coyote.http11.Http11NioProtocol - Initializing ProtocolHandler ["http-nio-8080"]
2025-06-07 07:33:31 INFO  [main] o.a.catalina.core.StandardService - Starting service [Tomcat]
2025-06-07 07:33:31 INFO  [main] o.a.catalina.core.StandardEngine - Starting Servlet engine: [Apache Tomcat/10.1.40]
2025-06-07 07:33:31 INFO  [main] o.a.c.c.C.[Tomcat].[localhost].[/] - Initializing Spring embedded WebApplicationContext
2025-06-07 07:33:31 INFO  [main] o.s.b.w.s.c.ServletWebServerApplicationContext - Root WebApplicationContext: initialization completed in 1119 ms
2025-06-07 07:33:31 INFO  [main] o.h.jpa.internal.util.LogHelper - HHH000204: Processing PersistenceUnitInfo [name: default]
2025-06-07 07:33:31 INFO  [main] org.hibernate.Version - HHH000412: Hibernate ORM core version 6.6.13.Final
2025-06-07 07:33:31 INFO  [main] o.h.c.i.RegionFactoryInitiator - HHH000026: Second-level cache disabled
2025-06-07 07:33:31 INFO  [main] o.s.o.j.p.SpringPersistenceUnitInfo - No LoadTimeWeaver setup: ignoring JPA class transformer
2025-06-07 07:33:31 INFO  [main] com.zaxxer.hikari.HikariDataSource - HikariPool-1 - Starting...
2025-06-07 07:33:31 INFO  [main] com.zaxxer.hikari.pool.HikariPool - HikariPool-1 - Added connection conn0: url=jdbc:h2:file:~/teckback user=SA
2025-06-07 07:33:31 INFO  [main] com.zaxxer.hikari.HikariDataSource - HikariPool-1 - Start completed.
2025-06-07 07:33:31 WARN  [main] org.hibernate.orm.deprecation - HHH90000025: H2Dialect does not need to be specified explicitly using 'hibernate.dialect' (remove the property setting and it will be selected by default)
2025-06-07 07:33:31 INFO  [main] o.hibernate.orm.connections.pooling - HHH10001005: Database info:
	Database JDBC URL [Connecting through datasource 'HikariDataSource (HikariPool-1)']
	Database driver: undefined/unknown
	Database version: 2.3.232
	Autocommit mode: undefined/unknown
	Isolation level: undefined/unknown
	Minimum pool size: undefined/unknown
	Maximum pool size: undefined/unknown
2025-06-07 07:33:32 INFO  [main] o.h.e.t.j.p.i.JtaPlatformInitiator - HHH000489: No JTA platform available (set 'hibernate.transaction.jta.platform' to enable JTA platform integration)
2025-06-07 07:33:32 INFO  [main] o.s.o.j.LocalContainerEntityManagerFactoryBean - Initialized JPA EntityManagerFactory for persistence unit 'default'
2025-06-07 07:33:32 INFO  [main] o.s.d.j.r.query.QueryEnhancerFactory - Hibernate is in classpath; If applicable, HQL parser will be used.
2025-06-07 07:33:33 WARN  [main] o.s.b.a.o.j.JpaBaseConfiguration$JpaWebConfiguration - spring.jpa.open-in-view is enabled by default. Therefore, database queries may be performed during view rendering. Explicitly configure spring.jpa.open-in-view to disable this warning
2025-06-07 07:33:33 INFO  [main] o.s.b.a.h.H2ConsoleAutoConfiguration - H2 console available at '/h2'. Database available at 'jdbc:h2:file:~/teckback'
2025-06-07 07:33:33 INFO  [main] o.a.coyote.http11.Http11NioProtocol - Starting ProtocolHandler ["http-nio-8080"]
2025-06-07 07:33:33 INFO  [main] o.s.b.w.e.tomcat.TomcatWebServer - Tomcat started on port 8080 (http) with context path '/'
2025-06-07 07:33:34 INFO  [main] b.c.a.api.AlunoOnlineApplication - Started AlunoOnlineApplication in 4.718 seconds (process running for 5.225)
2025-06-07 07:33:56 INFO  [SpringApplicationShutdownHook] o.s.b.w.e.tomcat.GracefulShutdown - Commencing graceful shutdown. Waiting for active requests to complete
2025-06-07 07:33:56 INFO  [tomcat-shutdown] o.s.b.w.e.tomcat.GracefulShutdown - Graceful shutdown complete
2025-06-07 07:33:56 INFO  [SpringApplicationShutdownHook] o.s.o.j.LocalContainerEntityManagerFactoryBean - Closing JPA EntityManagerFactory for persistence unit 'default'
2025-06-07 07:33:56 INFO  [SpringApplicationShutdownHook] com.zaxxer.hikari.HikariDataSource - HikariPool-1 - Shutdown initiated...
2025-06-07 07:33:56 INFO  [SpringApplicationShutdownHook] com.zaxxer.hikari.HikariDataSource - HikariPool-1 - Shutdown completed.
2025-06-07 07:34:01 INFO  [background-preinit] o.h.validator.internal.util.Version - HV000001: Hibernate Validator 8.0.2.Final
2025-06-07 07:34:01 INFO  [main] b.c.a.api.AlunoOnlineApplication - Starting AlunoOnlineApplication using Java 17.0.5 with PID 18136 (D:\ambiente\sistemas\pos\pos_backend_aluno_online_2025_1\target\classes started by Fuji in D:\ambiente\sistemas\pos\pos_backend_aluno_online_2025_1)
2025-06-07 07:34:01 INFO  [main] b.c.a.api.AlunoOnlineApplication - The following 1 profile is active: "dev"
2025-06-07 07:34:01 INFO  [main] o.s.d.r.c.RepositoryConfigurationDelegate - Bootstrapping Spring Data JPA repositories in DEFAULT mode.
2025-06-07 07:34:01 INFO  [main] o.s.d.r.c.RepositoryConfigurationDelegate - Finished Spring Data repository scanning in 42 ms. Found 4 JPA repository interfaces.
2025-06-07 07:34:01 INFO  [main] o.s.cloud.context.scope.GenericScope - BeanFactory id=6edcbc30-61fd-3942-82b7-49f37f4f0ef6
2025-06-07 07:34:02 INFO  [main] o.s.b.w.e.tomcat.TomcatWebServer - Tomcat initialized with port 8080 (http)
2025-06-07 07:34:02 INFO  [main] o.a.coyote.http11.Http11NioProtocol - Initializing ProtocolHandler ["http-nio-8080"]
2025-06-07 07:34:02 INFO  [main] o.a.catalina.core.StandardService - Starting service [Tomcat]
2025-06-07 07:34:02 INFO  [main] o.a.catalina.core.StandardEngine - Starting Servlet engine: [Apache Tomcat/10.1.40]
2025-06-07 07:34:02 INFO  [main] o.a.c.c.C.[Tomcat].[localhost].[/] - Initializing Spring embedded WebApplicationContext
2025-06-07 07:34:02 INFO  [main] o.s.b.w.s.c.ServletWebServerApplicationContext - Root WebApplicationContext: initialization completed in 1088 ms
2025-06-07 07:34:02 INFO  [main] o.h.jpa.internal.util.LogHelper - HHH000204: Processing PersistenceUnitInfo [name: default]
2025-06-07 07:34:02 INFO  [main] org.hibernate.Version - HHH000412: Hibernate ORM core version 6.6.13.Final
2025-06-07 07:34:02 INFO  [main] o.h.c.i.RegionFactoryInitiator - HHH000026: Second-level cache disabled
2025-06-07 07:34:02 INFO  [main] o.s.o.j.p.SpringPersistenceUnitInfo - No LoadTimeWeaver setup: ignoring JPA class transformer
2025-06-07 07:34:02 INFO  [main] com.zaxxer.hikari.HikariDataSource - HikariPool-1 - Starting...
2025-06-07 07:34:02 INFO  [main] com.zaxxer.hikari.pool.HikariPool - HikariPool-1 - Added connection conn0: url=jdbc:h2:file:~/teckback user=SA
2025-06-07 07:34:02 INFO  [main] com.zaxxer.hikari.HikariDataSource - HikariPool-1 - Start completed.
2025-06-07 07:34:02 WARN  [main] org.hibernate.orm.deprecation - HHH90000025: H2Dialect does not need to be specified explicitly using 'hibernate.dialect' (remove the property setting and it will be selected by default)
2025-06-07 07:34:02 INFO  [main] o.hibernate.orm.connections.pooling - HHH10001005: Database info:
	Database JDBC URL [Connecting through datasource 'HikariDataSource (HikariPool-1)']
	Database driver: undefined/unknown
	Database version: 2.3.232
	Autocommit mode: undefined/unknown
	Isolation level: undefined/unknown
	Minimum pool size: undefined/unknown
	Maximum pool size: undefined/unknown
2025-06-07 07:34:03 INFO  [main] o.h.e.t.j.p.i.JtaPlatformInitiator - HHH000489: No JTA platform available (set 'hibernate.transaction.jta.platform' to enable JTA platform integration)
2025-06-07 07:34:03 INFO  [main] o.s.o.j.LocalContainerEntityManagerFactoryBean - Initialized JPA EntityManagerFactory for persistence unit 'default'
2025-06-07 07:34:03 INFO  [main] o.s.d.j.r.query.QueryEnhancerFactory - Hibernate is in classpath; If applicable, HQL parser will be used.
2025-06-07 07:34:04 WARN  [main] o.s.b.a.o.j.JpaBaseConfiguration$JpaWebConfiguration - spring.jpa.open-in-view is enabled by default. Therefore, database queries may be performed during view rendering. Explicitly configure spring.jpa.open-in-view to disable this warning
2025-06-07 07:34:04 INFO  [main] o.s.b.a.h.H2ConsoleAutoConfiguration - H2 console available at '/h2'. Database available at 'jdbc:h2:file:~/teckback'
2025-06-07 07:34:04 INFO  [main] o.a.coyote.http11.Http11NioProtocol - Starting ProtocolHandler ["http-nio-8080"]
2025-06-07 07:34:04 INFO  [main] o.s.b.w.e.tomcat.TomcatWebServer - Tomcat started on port 8080 (http) with context path '/'
2025-06-07 07:34:05 INFO  [main] b.c.a.api.AlunoOnlineApplication - Started AlunoOnlineApplication in 4.86 seconds (process running for 5.38)
2025-06-07 07:34:05 INFO  [scheduling-1] b.c.a.api.scheduling.SchedulingTasks - Executando tarefa a cada 10 segundos: 2025-06-07T07:34:05.213284700
2025-06-07 07:34:05 INFO  [scheduling-1] b.c.a.api.scheduling.SchedulingTasks - Executando tarefa a cada 10 segundos: 2025-06-07T07:34:05.214299100
2025-06-07 07:34:15 INFO  [scheduling-1] b.c.a.api.scheduling.SchedulingTasks - Executando tarefa a cada 10 segundos: 2025-06-07T07:34:15.210189500
2025-06-07 07:34:20 INFO  [scheduling-1] b.c.a.api.scheduling.SchedulingTasks - Executando tarefa a cada 10 segundos: 2025-06-07T07:34:20.216512600
2025-06-07 07:34:25 INFO  [scheduling-1] b.c.a.api.scheduling.SchedulingTasks - Executando tarefa a cada 10 segundos: 2025-06-07T07:34:25.209850500
2025-06-07 07:34:35 INFO  [scheduling-1] b.c.a.api.scheduling.SchedulingTasks - Executando tarefa a cada 10 segundos: 2025-06-07T07:34:35.209575700
2025-06-07 07:34:35 INFO  [scheduling-1] b.c.a.api.scheduling.SchedulingTasks - Executando tarefa a cada 10 segundos: 2025-06-07T07:34:35.218543200
2025-06-07 07:34:45 INFO  [scheduling-1] b.c.a.api.scheduling.SchedulingTasks - Executando tarefa a cada 10 segundos: 2025-06-07T07:34:45.211104300
2025-06-07 07:34:50 INFO  [scheduling-1] b.c.a.api.scheduling.SchedulingTasks - Executando tarefa a cada 10 segundos: 2025-06-07T07:34:50.219659400
2025-06-07 07:34:55 INFO  [scheduling-1] b.c.a.api.scheduling.SchedulingTasks - Executando tarefa a cada 10 segundos: 2025-06-07T07:34:55.209556900
2025-06-07 07:35:05 INFO  [scheduling-1] b.c.a.api.scheduling.SchedulingTasks - Executando tarefa a cada 10 segundos: 2025-06-07T07:35:05.210206500
2025-06-07 07:35:05 INFO  [scheduling-1] b.c.a.api.scheduling.SchedulingTasks - Executando tarefa a cada 10 segundos: 2025-06-07T07:35:05.221453400
2025-06-07 07:35:15 INFO  [scheduling-1] b.c.a.api.scheduling.SchedulingTasks - Executando tarefa a cada 10 segundos: 2025-06-07T07:35:15.210223700
2025-06-07 07:35:20 INFO  [scheduling-1] b.c.a.api.scheduling.SchedulingTasks - Executando tarefa a cada 10 segundos: 2025-06-07T07:35:20.222698800
2025-06-07 07:35:25 INFO  [scheduling-1] b.c.a.api.scheduling.SchedulingTasks - Executando tarefa a cada 10 segundos: 2025-06-07T07:35:25.209471400
2025-06-07 07:35:35 INFO  [scheduling-1] b.c.a.api.scheduling.SchedulingTasks - Executando tarefa a cada 10 segundos: 2025-06-07T07:35:35.209819700
2025-06-07 07:35:35 INFO  [scheduling-1] b.c.a.api.scheduling.SchedulingTasks - Executando tarefa a cada 10 segundos: 2025-06-07T07:35:35.224281600
2025-06-07 07:35:45 INFO  [scheduling-1] b.c.a.api.scheduling.SchedulingTasks - Executando tarefa a cada 10 segundos: 2025-06-07T07:35:45.210805200
2025-06-07 07:35:50 INFO  [scheduling-1] b.c.a.api.scheduling.SchedulingTasks - Executando tarefa a cada 10 segundos: 2025-06-07T07:35:50.224732200
2025-06-07 07:35:55 INFO  [scheduling-1] b.c.a.api.scheduling.SchedulingTasks - Executando tarefa a cada 10 segundos: 2025-06-07T07:35:55.210685400
2025-06-07 07:36:05 INFO  [scheduling-1] b.c.a.api.scheduling.SchedulingTasks - Executando tarefa a cada 10 segundos: 2025-06-07T07:36:05.209603800
2025-06-07 07:36:05 INFO  [scheduling-1] b.c.a.api.scheduling.SchedulingTasks - Executando tarefa a cada 10 segundos: 2025-06-07T07:36:05.226203500
2025-06-07 07:36:15 INFO  [scheduling-1] b.c.a.api.scheduling.SchedulingTasks - Executando tarefa a cada 10 segundos: 2025-06-07T07:36:15.209287700
2025-06-07 07:36:20 INFO  [scheduling-1] b.c.a.api.scheduling.SchedulingTasks - Executando tarefa a cada 10 segundos: 2025-06-07T07:36:20.227842400
2025-06-07 07:36:25 INFO  [scheduling-1] b.c.a.api.scheduling.SchedulingTasks - Executando tarefa a cada 10 segundos: 2025-06-07T07:36:25.210111500
2025-06-07 07:36:35 INFO  [scheduling-1] b.c.a.api.scheduling.SchedulingTasks - Executando tarefa a cada 10 segundos: 2025-06-07T07:36:35.211007700
2025-06-07 07:36:35 INFO  [scheduling-1] b.c.a.api.scheduling.SchedulingTasks - Executando tarefa a cada 10 segundos: 2025-06-07T07:36:35.229511300
2025-06-07 07:36:45 INFO  [scheduling-1] b.c.a.api.scheduling.SchedulingTasks - Executando tarefa a cada 10 segundos: 2025-06-07T07:36:45.209187900
2025-06-07 07:36:50 INFO  [scheduling-1] b.c.a.api.scheduling.SchedulingTasks - Executando tarefa a cada 10 segundos: 2025-06-07T07:36:50.230524400
2025-06-07 07:36:55 INFO  [scheduling-1] b.c.a.api.scheduling.SchedulingTasks - Executando tarefa a cada 10 segundos: 2025-06-07T07:36:55.209528100
2025-06-07 07:37:05 INFO  [scheduling-1] b.c.a.api.scheduling.SchedulingTasks - Executando tarefa a cada 10 segundos: 2025-06-07T07:37:05.210938200
2025-06-07 07:37:05 INFO  [scheduling-1] b.c.a.api.scheduling.SchedulingTasks - Executando tarefa a cada 10 segundos: 2025-06-07T07:37:05.231376400
2025-06-07 07:37:15 INFO  [scheduling-1] b.c.a.api.scheduling.SchedulingTasks - Executando tarefa a cada 10 segundos: 2025-06-07T07:37:15.210158500
2025-06-07 07:37:20 INFO  [scheduling-1] b.c.a.api.scheduling.SchedulingTasks - Executando tarefa a cada 10 segundos: 2025-06-07T07:37:20.232490500
2025-06-07 07:37:25 INFO  [scheduling-1] b.c.a.api.scheduling.SchedulingTasks - Executando tarefa a cada 10 segundos: 2025-06-07T07:37:25.209227100
2025-06-07 07:37:35 INFO  [scheduling-1] b.c.a.api.scheduling.SchedulingTasks - Executando tarefa a cada 10 segundos: 2025-06-07T07:37:35.210779200
2025-06-07 07:37:35 INFO  [scheduling-1] b.c.a.api.scheduling.SchedulingTasks - Executando tarefa a cada 10 segundos: 2025-06-07T07:37:35.235263100
2025-06-07 07:37:45 INFO  [scheduling-1] b.c.a.api.scheduling.SchedulingTasks - Executando tarefa a cada 10 segundos: 2025-06-07T07:37:45.209415600
2025-06-07 07:37:50 INFO  [scheduling-1] b.c.a.api.scheduling.SchedulingTasks - Executando tarefa a cada 10 segundos: 2025-06-07T07:37:50.235899500
2025-06-07 07:37:55 INFO  [scheduling-1] b.c.a.api.scheduling.SchedulingTasks - Executando tarefa a cada 10 segundos: 2025-06-07T07:37:55.229403800
2025-06-07 07:38:05 INFO  [scheduling-1] b.c.a.api.scheduling.SchedulingTasks - Executando tarefa a cada 10 segundos: 2025-06-07T07:38:05.214973800
2025-06-07 07:38:05 INFO  [scheduling-1] b.c.a.api.scheduling.SchedulingTasks - Executando tarefa a cada 10 segundos: 2025-06-07T07:38:05.249439300
2025-06-07 07:38:15 INFO  [scheduling-1] b.c.a.api.scheduling.SchedulingTasks - Executando tarefa a cada 10 segundos: 2025-06-07T07:38:15.216620500
2025-06-07 07:38:20 INFO  [scheduling-1] b.c.a.api.scheduling.SchedulingTasks - Executando tarefa a cada 10 segundos: 2025-06-07T07:38:20.264407700
2025-06-07 07:38:25 INFO  [scheduling-1] b.c.a.api.scheduling.SchedulingTasks - Executando tarefa a cada 10 segundos: 2025-06-07T07:38:25.217336200
2025-06-07 07:38:35 INFO  [scheduling-1] b.c.a.api.scheduling.SchedulingTasks - Executando tarefa a cada 10 segundos: 2025-06-07T07:38:35.220019100
2025-06-07 07:38:35 INFO  [scheduling-1] b.c.a.api.scheduling.SchedulingTasks - Executando tarefa a cada 10 segundos: 2025-06-07T07:38:35.266933600
2025-06-07 07:38:45 INFO  [scheduling-1] b.c.a.api.scheduling.SchedulingTasks - Executando tarefa a cada 10 segundos: 2025-06-07T07:38:45.209441500
2025-06-07 07:38:50 INFO  [scheduling-1] b.c.a.api.scheduling.SchedulingTasks - Executando tarefa a cada 10 segundos: 2025-06-07T07:38:50.268589700
2025-06-07 07:38:55 INFO  [scheduling-1] b.c.a.api.scheduling.SchedulingTasks - Executando tarefa a cada 10 segundos: 2025-06-07T07:38:55.213346100
2025-06-07 07:39:05 INFO  [scheduling-1] b.c.a.api.scheduling.SchedulingTasks - Executando tarefa a cada 10 segundos: 2025-06-07T07:39:05.211477200
2025-06-07 07:39:05 INFO  [scheduling-1] b.c.a.api.scheduling.SchedulingTasks - Executando tarefa a cada 10 segundos: 2025-06-07T07:39:05.278603600
2025-06-07 07:39:15 INFO  [scheduling-1] b.c.a.api.scheduling.SchedulingTasks - Executando tarefa a cada 10 segundos: 2025-06-07T07:39:15.222009
2025-06-07 07:39:20 INFO  [scheduling-1] b.c.a.api.scheduling.SchedulingTasks - Executando tarefa a cada 10 segundos: 2025-06-07T07:39:20.287032600
2025-06-07 07:39:25 INFO  [scheduling-1] b.c.a.api.scheduling.SchedulingTasks - Executando tarefa a cada 10 segundos: 2025-06-07T07:39:25.216579300
2025-06-07 07:39:35 INFO  [scheduling-1] b.c.a.api.scheduling.SchedulingTasks - Executando tarefa a cada 10 segundos: 2025-06-07T07:39:35.211228500
2025-06-07 07:39:35 INFO  [scheduling-1] b.c.a.api.scheduling.SchedulingTasks - Executando tarefa a cada 10 segundos: 2025-06-07T07:39:35.290948
2025-06-07 07:39:45 INFO  [scheduling-1] b.c.a.api.scheduling.SchedulingTasks - Executando tarefa a cada 10 segundos: 2025-06-07T07:39:45.219427400
2025-06-07 07:39:50 INFO  [scheduling-1] b.c.a.api.scheduling.SchedulingTasks - Executando tarefa a cada 10 segundos: 2025-06-07T07:39:50.299882200
2025-06-07 07:39:55 INFO  [scheduling-1] b.c.a.api.scheduling.SchedulingTasks - Executando tarefa a cada 10 segundos: 2025-06-07T07:39:55.215043
2025-06-07 07:40:05 INFO  [scheduling-1] b.c.a.api.scheduling.SchedulingTasks - Executando tarefa a cada 10 segundos: 2025-06-07T07:40:05.214504100
2025-06-07 07:40:05 INFO  [scheduling-1] b.c.a.api.scheduling.SchedulingTasks - Executando tarefa a cada 10 segundos: 2025-06-07T07:40:05.309866700
2025-06-07 07:40:15 INFO  [scheduling-1] b.c.a.api.scheduling.SchedulingTasks - Executando tarefa a cada 10 segundos: 2025-06-07T07:40:15.210631
2025-06-07 07:40:20 INFO  [scheduling-1] b.c.a.api.scheduling.SchedulingTasks - Executando tarefa a cada 10 segundos: 2025-06-07T07:40:20.311024600
2025-06-07 07:40:25 INFO  [scheduling-1] b.c.a.api.scheduling.SchedulingTasks - Executando tarefa a cada 10 segundos: 2025-06-07T07:40:25.221019
2025-06-07 07:40:35 INFO  [scheduling-1] b.c.a.api.scheduling.SchedulingTasks - Executando tarefa a cada 10 segundos: 2025-06-07T07:40:35.216054
2025-06-07 07:40:35 INFO  [scheduling-1] b.c.a.api.scheduling.SchedulingTasks - Executando tarefa a cada 10 segundos: 2025-06-07T07:40:35.311527700
2025-06-07 07:40:45 INFO  [scheduling-1] b.c.a.api.scheduling.SchedulingTasks - Executando tarefa a cada 10 segundos: 2025-06-07T07:40:45.216197800
2025-06-07 07:40:50 INFO  [scheduling-1] b.c.a.api.scheduling.SchedulingTasks - Executando tarefa a cada 10 segundos: 2025-06-07T07:40:50.318907500
2025-06-07 07:40:55 INFO  [scheduling-1] b.c.a.api.scheduling.SchedulingTasks - Executando tarefa a cada 10 segundos: 2025-06-07T07:40:55.217586900
2025-06-07 07:41:05 INFO  [scheduling-1] b.c.a.api.scheduling.SchedulingTasks - Executando tarefa a cada 10 segundos: 2025-06-07T07:41:05.220545100
2025-06-07 07:41:05 INFO  [scheduling-1] b.c.a.api.scheduling.SchedulingTasks - Executando tarefa a cada 10 segundos: 2025-06-07T07:41:05.329789400
2025-06-07 07:41:15 INFO  [scheduling-1] b.c.a.api.scheduling.SchedulingTasks - Executando tarefa a cada 10 segundos: 2025-06-07T07:41:15.220319600
2025-06-07 07:41:20 INFO  [scheduling-1] b.c.a.api.scheduling.SchedulingTasks - Executando tarefa a cada 10 segundos: 2025-06-07T07:41:20.338911200
2025-06-07 07:41:25 INFO  [scheduling-1] b.c.a.api.scheduling.SchedulingTasks - Executando tarefa a cada 10 segundos: 2025-06-07T07:41:25.216864100
2025-06-07 07:41:35 INFO  [scheduling-1] b.c.a.api.scheduling.SchedulingTasks - Executando tarefa a cada 10 segundos: 2025-06-07T07:41:35.215168800
2025-06-07 07:41:35 INFO  [scheduling-1] b.c.a.api.scheduling.SchedulingTasks - Executando tarefa a cada 10 segundos: 2025-06-07T07:41:35.341688200
2025-06-07 07:41:45 INFO  [scheduling-1] b.c.a.api.scheduling.SchedulingTasks - Executando tarefa a cada 10 segundos: 2025-06-07T07:41:45.214889
2025-06-07 07:41:50 INFO  [scheduling-1] b.c.a.api.scheduling.SchedulingTasks - Executando tarefa a cada 10 segundos: 2025-06-07T07:41:50.343275600
2025-06-07 07:41:55 INFO  [scheduling-1] b.c.a.api.scheduling.SchedulingTasks - Executando tarefa a cada 10 segundos: 2025-06-07T07:41:55.210651900
2025-06-07 07:42:05 INFO  [scheduling-1] b.c.a.api.scheduling.SchedulingTasks - Executando tarefa a cada 10 segundos: 2025-06-07T07:42:05.210033700
2025-06-07 07:42:05 INFO  [scheduling-1] b.c.a.api.scheduling.SchedulingTasks - Executando tarefa a cada 10 segundos: 2025-06-07T07:42:05.345248100
2025-06-07 07:42:15 INFO  [scheduling-1] b.c.a.api.scheduling.SchedulingTasks - Executando tarefa a cada 10 segundos: 2025-06-07T07:42:15.209254500
2025-06-07 07:42:20 INFO  [scheduling-1] b.c.a.api.scheduling.SchedulingTasks - Executando tarefa a cada 10 segundos: 2025-06-07T07:42:20.346764
2025-06-07 07:42:25 INFO  [scheduling-1] b.c.a.api.scheduling.SchedulingTasks - Executando tarefa a cada 10 segundos: 2025-06-07T07:42:25.210055200
2025-06-07 07:42:35 INFO  [scheduling-1] b.c.a.api.scheduling.SchedulingTasks - Executando tarefa a cada 10 segundos: 2025-06-07T07:42:35.210281400
2025-06-07 07:42:35 INFO  [scheduling-1] b.c.a.api.scheduling.SchedulingTasks - Executando tarefa a cada 10 segundos: 2025-06-07T07:42:35.348525100
2025-06-07 07:42:45 INFO  [scheduling-1] b.c.a.api.scheduling.SchedulingTasks - Executando tarefa a cada 10 segundos: 2025-06-07T07:42:45.209395400
2025-06-07 07:42:50 INFO  [scheduling-1] b.c.a.api.scheduling.SchedulingTasks - Executando tarefa a cada 10 segundos: 2025-06-07T07:42:50.349915600
2025-06-07 07:42:55 INFO  [scheduling-1] b.c.a.api.scheduling.SchedulingTasks - Executando tarefa a cada 10 segundos: 2025-06-07T07:42:55.210267600
2025-06-07 07:43:05 INFO  [scheduling-1] b.c.a.api.scheduling.SchedulingTasks - Executando tarefa a cada 10 segundos: 2025-06-07T07:43:05.209618400
2025-06-07 07:43:05 INFO  [scheduling-1] b.c.a.api.scheduling.SchedulingTasks - Executando tarefa a cada 10 segundos: 2025-06-07T07:43:05.351623300
2025-06-07 07:43:15 INFO  [scheduling-1] b.c.a.api.scheduling.SchedulingTasks - Executando tarefa a cada 10 segundos: 2025-06-07T07:43:15.209297200
2025-06-07 07:43:20 INFO  [scheduling-1] b.c.a.api.scheduling.SchedulingTasks - Executando tarefa a cada 10 segundos: 2025-06-07T07:43:20.351917800
2025-06-07 07:43:25 INFO  [scheduling-1] b.c.a.api.scheduling.SchedulingTasks - Executando tarefa a cada 10 segundos: 2025-06-07T07:43:25.209795400
2025-06-07 07:43:35 INFO  [scheduling-1] b.c.a.api.scheduling.SchedulingTasks - Executando tarefa a cada 10 segundos: 2025-06-07T07:43:35.209384500
2025-06-07 07:43:35 INFO  [scheduling-1] b.c.a.api.scheduling.SchedulingTasks - Executando tarefa a cada 10 segundos: 2025-06-07T07:43:35.353465900
2025-06-07 07:43:45 INFO  [scheduling-1] b.c.a.api.scheduling.SchedulingTasks - Executando tarefa a cada 10 segundos: 2025-06-07T07:43:45.210494300
2025-06-07 07:43:50 INFO  [scheduling-1] b.c.a.api.scheduling.SchedulingTasks - Executando tarefa a cada 10 segundos: 2025-06-07T07:43:50.354686600
2025-06-07 07:43:55 INFO  [scheduling-1] b.c.a.api.scheduling.SchedulingTasks - Executando tarefa a cada 10 segundos: 2025-06-07T07:43:55.210060100
2025-06-07 07:44:05 INFO  [scheduling-1] b.c.a.api.scheduling.SchedulingTasks - Executando tarefa a cada 10 segundos: 2025-06-07T07:44:05.209874600
2025-06-07 07:44:05 INFO  [scheduling-1] b.c.a.api.scheduling.SchedulingTasks - Executando tarefa a cada 10 segundos: 2025-06-07T07:44:05.356282100
2025-06-07 07:44:15 INFO  [scheduling-1] b.c.a.api.scheduling.SchedulingTasks - Executando tarefa a cada 10 segundos: 2025-06-07T07:44:15.209501300
2025-06-07 07:44:20 INFO  [scheduling-1] b.c.a.api.scheduling.SchedulingTasks - Executando tarefa a cada 10 segundos: 2025-06-07T07:44:20.357132
2025-06-07 07:44:25 INFO  [scheduling-1] b.c.a.api.scheduling.SchedulingTasks - Executando tarefa a cada 10 segundos: 2025-06-07T07:44:25.210105900
2025-06-07 07:44:35 INFO  [scheduling-1] b.c.a.api.scheduling.SchedulingTasks - Executando tarefa a cada 10 segundos: 2025-06-07T07:44:35.210054500
2025-06-07 07:44:35 INFO  [scheduling-1] b.c.a.api.scheduling.SchedulingTasks - Executando tarefa a cada 10 segundos: 2025-06-07T07:44:35.357695
2025-06-07 07:44:45 INFO  [scheduling-1] b.c.a.api.scheduling.SchedulingTasks - Executando tarefa a cada 10 segundos: 2025-06-07T07:44:45.209351100
2025-06-07 07:44:50 INFO  [scheduling-1] b.c.a.api.scheduling.SchedulingTasks - Executando tarefa a cada 10 segundos: 2025-06-07T07:44:50.359759800
2025-06-07 07:44:55 INFO  [scheduling-1] b.c.a.api.scheduling.SchedulingTasks - Executando tarefa a cada 10 segundos: 2025-06-07T07:44:55.209352800
2025-06-07 07:45:05 INFO  [scheduling-1] b.c.a.api.scheduling.SchedulingTasks - Executando tarefa a cada 10 segundos: 2025-06-07T07:45:05.209440300
2025-06-07 07:45:05 INFO  [scheduling-1] b.c.a.api.scheduling.SchedulingTasks - Executando tarefa a cada 10 segundos: 2025-06-07T07:45:05.361833400
2025-06-07 07:45:15 INFO  [scheduling-1] b.c.a.api.scheduling.SchedulingTasks - Executando tarefa a cada 10 segundos: 2025-06-07T07:45:15.209281600
2025-06-07 07:45:20 INFO  [scheduling-1] b.c.a.api.scheduling.SchedulingTasks - Executando tarefa a cada 10 segundos: 2025-06-07T07:45:20.363653300
2025-06-07 07:45:25 INFO  [scheduling-1] b.c.a.api.scheduling.SchedulingTasks - Executando tarefa a cada 10 segundos: 2025-06-07T07:45:25.210362400
2025-06-07 07:45:35 INFO  [scheduling-1] b.c.a.api.scheduling.SchedulingTasks - Executando tarefa a cada 10 segundos: 2025-06-07T07:45:35.210068200
2025-06-07 07:45:35 INFO  [scheduling-1] b.c.a.api.scheduling.SchedulingTasks - Executando tarefa a cada 10 segundos: 2025-06-07T07:45:35.366061
2025-06-07 07:45:45 INFO  [scheduling-1] b.c.a.api.scheduling.SchedulingTasks - Executando tarefa a cada 10 segundos: 2025-06-07T07:45:45.210594500
2025-06-07 07:45:50 INFO  [scheduling-1] b.c.a.api.scheduling.SchedulingTasks - Executando tarefa a cada 10 segundos: 2025-06-07T07:45:50.367628300
2025-06-07 07:45:55 INFO  [scheduling-1] b.c.a.api.scheduling.SchedulingTasks - Executando tarefa a cada 10 segundos: 2025-06-07T07:45:55.209565200
2025-06-07 07:46:05 INFO  [scheduling-1] b.c.a.api.scheduling.SchedulingTasks - Executando tarefa a cada 10 segundos: 2025-06-07T07:46:05.209766300
2025-06-07 07:46:05 INFO  [scheduling-1] b.c.a.api.scheduling.SchedulingTasks - Executando tarefa a cada 10 segundos: 2025-06-07T07:46:05.369130500
2025-06-07 07:46:15 INFO  [scheduling-1] b.c.a.api.scheduling.SchedulingTasks - Executando tarefa a cada 10 segundos: 2025-06-07T07:46:15.210297200
2025-06-07 07:46:20 INFO  [scheduling-1] b.c.a.api.scheduling.SchedulingTasks - Executando tarefa a cada 10 segundos: 2025-06-07T07:46:20.370290100
2025-06-07 07:46:25 INFO  [scheduling-1] b.c.a.api.scheduling.SchedulingTasks - Executando tarefa a cada 10 segundos: 2025-06-07T07:46:25.209339800
2025-06-07 07:46:35 INFO  [scheduling-1] b.c.a.api.scheduling.SchedulingTasks - Executando tarefa a cada 10 segundos: 2025-06-07T07:46:35.209642800
2025-06-07 07:46:35 INFO  [scheduling-1] b.c.a.api.scheduling.SchedulingTasks - Executando tarefa a cada 10 segundos: 2025-06-07T07:46:35.371956
2025-06-07 07:46:45 INFO  [scheduling-1] b.c.a.api.scheduling.SchedulingTasks - Executando tarefa a cada 10 segundos: 2025-06-07T07:46:45.211015900
2025-06-07 07:46:50 INFO  [scheduling-1] b.c.a.api.scheduling.SchedulingTasks - Executando tarefa a cada 10 segundos: 2025-06-07T07:46:50.373572300
2025-06-07 07:46:55 INFO  [scheduling-1] b.c.a.api.scheduling.SchedulingTasks - Executando tarefa a cada 10 segundos: 2025-06-07T07:46:55.209715600
2025-06-07 07:47:05 INFO  [scheduling-1] b.c.a.api.scheduling.SchedulingTasks - Executando tarefa a cada 10 segundos: 2025-06-07T07:47:05.209837700
2025-06-07 07:47:05 INFO  [scheduling-1] b.c.a.api.scheduling.SchedulingTasks - Executando tarefa a cada 10 segundos: 2025-06-07T07:47:05.375292
2025-06-07 07:47:15 INFO  [scheduling-1] b.c.a.api.scheduling.SchedulingTasks - Executando tarefa a cada 10 segundos: 2025-06-07T07:47:15.209334200
2025-06-07 07:47:20 INFO  [scheduling-1] b.c.a.api.scheduling.SchedulingTasks - Executando tarefa a cada 10 segundos: 2025-06-07T07:47:20.376347100
2025-06-07 07:47:25 INFO  [scheduling-1] b.c.a.api.scheduling.SchedulingTasks - Executando tarefa a cada 10 segundos: 2025-06-07T07:47:25.210137300
2025-06-07 07:47:35 INFO  [scheduling-1] b.c.a.api.scheduling.SchedulingTasks - Executando tarefa a cada 10 segundos: 2025-06-07T07:47:35.209839600
2025-06-07 07:47:35 INFO  [scheduling-1] b.c.a.api.scheduling.SchedulingTasks - Executando tarefa a cada 10 segundos: 2025-06-07T07:47:35.377862
2025-06-07 07:47:45 INFO  [scheduling-1] b.c.a.api.scheduling.SchedulingTasks - Executando tarefa a cada 10 segundos: 2025-06-07T07:47:45.210253800
2025-06-07 07:47:50 INFO  [scheduling-1] b.c.a.api.scheduling.SchedulingTasks - Executando tarefa a cada 10 segundos: 2025-06-07T07:47:50.378806900
2025-06-07 07:47:55 INFO  [scheduling-1] b.c.a.api.scheduling.SchedulingTasks - Executando tarefa a cada 10 segundos: 2025-06-07T07:47:55.209102200
2025-06-07 07:48:05 INFO  [scheduling-1] b.c.a.api.scheduling.SchedulingTasks - Executando tarefa a cada 10 segundos: 2025-06-07T07:48:05.209434400
2025-06-07 07:48:05 INFO  [scheduling-1] b.c.a.api.scheduling.SchedulingTasks - Executando tarefa a cada 10 segundos: 2025-06-07T07:48:05.379872500
2025-06-07 07:48:15 INFO  [scheduling-1] b.c.a.api.scheduling.SchedulingTasks - Executando tarefa a cada 10 segundos: 2025-06-07T07:48:15.211061700
2025-06-07 07:48:20 INFO  [scheduling-1] b.c.a.api.scheduling.SchedulingTasks - Executando tarefa a cada 10 segundos: 2025-06-07T07:48:20.381277200
2025-06-07 07:48:25 INFO  [scheduling-1] b.c.a.api.scheduling.SchedulingTasks - Executando tarefa a cada 10 segundos: 2025-06-07T07:48:25.210231100
2025-06-07 07:48:35 INFO  [scheduling-1] b.c.a.api.scheduling.SchedulingTasks - Executando tarefa a cada 10 segundos: 2025-06-07T07:48:35.210038800
2025-06-07 07:48:35 INFO  [scheduling-1] b.c.a.api.scheduling.SchedulingTasks - Executando tarefa a cada 10 segundos: 2025-06-07T07:48:35.383325400
2025-06-07 07:48:45 INFO  [scheduling-1] b.c.a.api.scheduling.SchedulingTasks - Executando tarefa a cada 10 segundos: 2025-06-07T07:48:45.210827200
2025-06-07 07:48:50 INFO  [scheduling-1] b.c.a.api.scheduling.SchedulingTasks - Executando tarefa a cada 10 segundos: 2025-06-07T07:48:50.383930
2025-06-07 07:48:55 INFO  [scheduling-1] b.c.a.api.scheduling.SchedulingTasks - Executando tarefa a cada 10 segundos: 2025-06-07T07:48:55.210003400
2025-06-07 07:49:05 INFO  [scheduling-1] b.c.a.api.scheduling.SchedulingTasks - Executando tarefa a cada 10 segundos: 2025-06-07T07:49:05.210618
2025-06-07 07:49:05 INFO  [scheduling-1] b.c.a.api.scheduling.SchedulingTasks - Executando tarefa a cada 10 segundos: 2025-06-07T07:49:05.385198700
2025-06-07 07:49:54 INFO  [scheduling-1] b.c.a.api.scheduling.SchedulingTasks - Executando tarefa a cada 10 segundos: 2025-06-07T07:49:54.148548400
2025-06-07 07:49:54 INFO  [scheduling-1] b.c.a.api.scheduling.SchedulingTasks - Executando tarefa a cada 10 segundos: 2025-06-07T07:49:54.148548400
2025-06-07 07:49:54 INFO  [scheduling-1] b.c.a.api.scheduling.SchedulingTasks - Executando tarefa a cada 10 segundos: 2025-06-07T07:49:54.148548400
2025-06-07 07:49:54 INFO  [scheduling-1] b.c.a.api.scheduling.SchedulingTasks - Executando tarefa a cada 10 segundos: 2025-06-07T07:49:54.148548400
2025-06-07 07:49:54 INFO  [scheduling-1] b.c.a.api.scheduling.SchedulingTasks - Executando tarefa a cada 10 segundos: 2025-06-07T07:49:54.148548400
2025-06-07 07:49:55 INFO  [scheduling-1] b.c.a.api.scheduling.SchedulingTasks - Executando tarefa a cada 10 segundos: 2025-06-07T07:49:55.209194500
2025-06-07 07:57:25 INFO  [scheduling-1] b.c.a.api.scheduling.SchedulingTasks - Executando tarefa a cada 10 segundos: 2025-06-07T07:57:25.867410
2025-06-07 07:57:25 INFO  [scheduling-1] b.c.a.api.scheduling.SchedulingTasks - Executando tarefa a cada 10 segundos: 2025-06-07T07:57:25.867410
2025-06-07 07:57:25 INFO  [scheduling-1] b.c.a.api.scheduling.SchedulingTasks - Executando tarefa a cada 10 segundos: 2025-06-07T07:57:25.867410
2025-06-07 07:57:25 INFO  [scheduling-1] b.c.a.api.scheduling.SchedulingTasks - Executando tarefa a cada 10 segundos: 2025-06-07T07:57:25.867410
2025-06-07 07:57:25 INFO  [scheduling-1] b.c.a.api.scheduling.SchedulingTasks - Executando tarefa a cada 10 segundos: 2025-06-07T07:57:25.867410
2025-06-07 07:57:25 INFO  [scheduling-1] b.c.a.api.scheduling.SchedulingTasks - Executando tarefa a cada 10 segundos: 2025-06-07T07:57:25.867410
2025-06-07 07:57:25 INFO  [scheduling-1] b.c.a.api.scheduling.SchedulingTasks - Executando tarefa a cada 10 segundos: 2025-06-07T07:57:25.868954900
2025-06-07 07:57:25 INFO  [scheduling-1] b.c.a.api.scheduling.SchedulingTasks - Executando tarefa a cada 10 segundos: 2025-06-07T07:57:25.868954900
2025-06-07 07:57:25 INFO  [scheduling-1] b.c.a.api.scheduling.SchedulingTasks - Executando tarefa a cada 10 segundos: 2025-06-07T07:57:25.868954900
2025-06-07 07:57:25 INFO  [scheduling-1] b.c.a.api.scheduling.SchedulingTasks - Executando tarefa a cada 10 segundos: 2025-06-07T07:57:25.868954900
2025-06-07 07:57:25 INFO  [scheduling-1] b.c.a.api.scheduling.SchedulingTasks - Executando tarefa a cada 10 segundos: 2025-06-07T07:57:25.868954900
2025-06-07 07:57:25 INFO  [scheduling-1] b.c.a.api.scheduling.SchedulingTasks - Executando tarefa a cada 10 segundos: 2025-06-07T07:57:25.868954900
2025-06-07 07:57:25 INFO  [scheduling-1] b.c.a.api.scheduling.SchedulingTasks - Executando tarefa a cada 10 segundos: 2025-06-07T07:57:25.868954900
2025-06-07 07:57:25 INFO  [scheduling-1] b.c.a.api.scheduling.SchedulingTasks - Executando tarefa a cada 10 segundos: 2025-06-07T07:57:25.868954900
2025-06-07 07:57:25 INFO  [scheduling-1] b.c.a.api.scheduling.SchedulingTasks - Executando tarefa a cada 10 segundos: 2025-06-07T07:57:25.868954900
2025-06-07 07:57:25 INFO  [scheduling-1] b.c.a.api.scheduling.SchedulingTasks - Executando tarefa a cada 10 segundos: 2025-06-07T07:57:25.868954900
2025-06-07 07:57:25 INFO  [scheduling-1] b.c.a.api.scheduling.SchedulingTasks - Executando tarefa a cada 10 segundos: 2025-06-07T07:57:25.868954900
2025-06-07 07:57:25 INFO  [scheduling-1] b.c.a.api.scheduling.SchedulingTasks - Executando tarefa a cada 10 segundos: 2025-06-07T07:57:25.868954900
2025-06-07 07:57:25 INFO  [scheduling-1] b.c.a.api.scheduling.SchedulingTasks - Executando tarefa a cada 10 segundos: 2025-06-07T07:57:25.868954900
2025-06-07 07:57:25 INFO  [scheduling-1] b.c.a.api.scheduling.SchedulingTasks - Executando tarefa a cada 10 segundos: 2025-06-07T07:57:25.870527200
2025-06-07 07:57:25 INFO  [scheduling-1] b.c.a.api.scheduling.SchedulingTasks - Executando tarefa a cada 10 segundos: 2025-06-07T07:57:25.870527200
2025-06-07 07:57:25 INFO  [scheduling-1] b.c.a.api.scheduling.SchedulingTasks - Executando tarefa a cada 10 segundos: 2025-06-07T07:57:25.870527200
2025-06-07 07:57:25 INFO  [scheduling-1] b.c.a.api.scheduling.SchedulingTasks - Executando tarefa a cada 10 segundos: 2025-06-07T07:57:25.870527200
2025-06-07 07:57:25 INFO  [scheduling-1] b.c.a.api.scheduling.SchedulingTasks - Executando tarefa a cada 10 segundos: 2025-06-07T07:57:25.870527200
2025-06-07 07:57:25 INFO  [scheduling-1] b.c.a.api.scheduling.SchedulingTasks - Executando tarefa a cada 10 segundos: 2025-06-07T07:57:25.870527200
2025-06-07 07:57:25 INFO  [scheduling-1] b.c.a.api.scheduling.SchedulingTasks - Executando tarefa a cada 10 segundos: 2025-06-07T07:57:25.870527200
2025-06-07 07:57:25 INFO  [scheduling-1] b.c.a.api.scheduling.SchedulingTasks - Executando tarefa a cada 10 segundos: 2025-06-07T07:57:25.870527200
2025-06-07 07:57:25 INFO  [scheduling-1] b.c.a.api.scheduling.SchedulingTasks - Executando tarefa a cada 10 segundos: 2025-06-07T07:57:25.870527200
2025-06-07 07:57:25 INFO  [scheduling-1] b.c.a.api.scheduling.SchedulingTasks - Executando tarefa a cada 10 segundos: 2025-06-07T07:57:25.872152
2025-06-07 07:57:25 INFO  [scheduling-1] b.c.a.api.scheduling.SchedulingTasks - Executando tarefa a cada 10 segundos: 2025-06-07T07:57:25.872152
2025-06-07 07:57:25 INFO  [scheduling-1] b.c.a.api.scheduling.SchedulingTasks - Executando tarefa a cada 10 segundos: 2025-06-07T07:57:25.872152
2025-06-07 07:57:25 INFO  [scheduling-1] b.c.a.api.scheduling.SchedulingTasks - Executando tarefa a cada 10 segundos: 2025-06-07T07:57:25.872152
2025-06-07 07:57:25 INFO  [scheduling-1] b.c.a.api.scheduling.SchedulingTasks - Executando tarefa a cada 10 segundos: 2025-06-07T07:57:25.872152
2025-06-07 07:57:25 INFO  [scheduling-1] b.c.a.api.scheduling.SchedulingTasks - Executando tarefa a cada 10 segundos: 2025-06-07T07:57:25.872152
2025-06-07 07:57:25 INFO  [scheduling-1] b.c.a.api.scheduling.SchedulingTasks - Executando tarefa a cada 10 segundos: 2025-06-07T07:57:25.873748100
2025-06-07 07:57:25 INFO  [scheduling-1] b.c.a.api.scheduling.SchedulingTasks - Executando tarefa a cada 10 segundos: 2025-06-07T07:57:25.874762900
2025-06-07 07:57:25 INFO  [scheduling-1] b.c.a.api.scheduling.SchedulingTasks - Executando tarefa a cada 10 segundos: 2025-06-07T07:57:25.874762900
2025-06-07 07:57:25 INFO  [scheduling-1] b.c.a.api.scheduling.SchedulingTasks - Executando tarefa a cada 10 segundos: 2025-06-07T07:57:25.874762900
2025-06-07 07:57:25 INFO  [scheduling-1] b.c.a.api.scheduling.SchedulingTasks - Executando tarefa a cada 10 segundos: 2025-06-07T07:57:25.874762900
2025-06-07 07:57:25 INFO  [scheduling-1] b.c.a.api.scheduling.SchedulingTasks - Executando tarefa a cada 10 segundos: 2025-06-07T07:57:25.874762900
2025-06-07 07:57:25 INFO  [scheduling-1] b.c.a.api.scheduling.SchedulingTasks - Executando tarefa a cada 10 segundos: 2025-06-07T07:57:25.874762900
2025-06-07 07:57:25 INFO  [scheduling-1] b.c.a.api.scheduling.SchedulingTasks - Executando tarefa a cada 10 segundos: 2025-06-07T07:57:25.875766
2025-06-07 07:57:25 INFO  [scheduling-1] b.c.a.api.scheduling.SchedulingTasks - Executando tarefa a cada 10 segundos: 2025-06-07T07:57:25.875766
2025-06-07 07:57:25 INFO  [scheduling-1] b.c.a.api.scheduling.SchedulingTasks - Executando tarefa a cada 10 segundos: 2025-06-07T07:57:25.875766
2025-06-07 07:57:25 INFO  [scheduling-1] b.c.a.api.scheduling.SchedulingTasks - Executando tarefa a cada 10 segundos: 2025-06-07T07:57:25.876763100
2025-06-07 07:57:25 INFO  [scheduling-1] b.c.a.api.scheduling.SchedulingTasks - Executando tarefa a cada 10 segundos: 2025-06-07T07:57:25.876763100
2025-06-07 08:26:54 WARN  [HikariPool-1 housekeeper] com.zaxxer.hikari.pool.HikariPool - HikariPool-1 - Thread starvation or clock leap detected (housekeeper delta=37m51s265ms894s).
2025-06-07 08:26:56 INFO  [scheduling-1] b.c.a.api.scheduling.SchedulingTasks - Executando tarefa a cada 10 segundos: 2025-06-07T08:26:56.877524
2025-06-07 08:26:56 INFO  [scheduling-1] b.c.a.api.scheduling.SchedulingTasks - Executando tarefa a cada 10 segundos: 2025-06-07T08:26:56.877524
2025-06-07 08:26:56 INFO  [scheduling-1] b.c.a.api.scheduling.SchedulingTasks - Executando tarefa a cada 10 segundos: 2025-06-07T08:26:56.877524
2025-06-07 08:26:56 INFO  [scheduling-1] b.c.a.api.scheduling.SchedulingTasks - Executando tarefa a cada 10 segundos: 2025-06-07T08:26:56.877524
2025-06-07 08:26:56 INFO  [scheduling-1] b.c.a.api.scheduling.SchedulingTasks - Executando tarefa a cada 10 segundos: 2025-06-07T08:26:56.878503400
2025-06-07 08:26:56 INFO  [scheduling-1] b.c.a.api.scheduling.SchedulingTasks - Executando tarefa a cada 10 segundos: 2025-06-07T08:26:56.878503400
2025-06-07 08:26:56 INFO  [scheduling-1] b.c.a.api.scheduling.SchedulingTasks - Executando tarefa a cada 10 segundos: 2025-06-07T08:26:56.878503400
2025-06-07 08:26:56 INFO  [scheduling-1] b.c.a.api.scheduling.SchedulingTasks - Executando tarefa a cada 10 segundos: 2025-06-07T08:26:56.879510700
2025-06-07 08:26:56 INFO  [scheduling-1] b.c.a.api.scheduling.SchedulingTasks - Executando tarefa a cada 10 segundos: 2025-06-07T08:26:56.879510700
2025-06-07 08:26:56 INFO  [scheduling-1] b.c.a.api.scheduling.SchedulingTasks - Executando tarefa a cada 10 segundos: 2025-06-07T08:26:56.879510700
2025-06-07 08:26:56 INFO  [scheduling-1] b.c.a.api.scheduling.SchedulingTasks - Executando tarefa a cada 10 segundos: 2025-06-07T08:26:56.880132700
2025-06-07 08:26:56 INFO  [scheduling-1] b.c.a.api.scheduling.SchedulingTasks - Executando tarefa a cada 10 segundos: 2025-06-07T08:26:56.880132700
2025-06-07 08:26:56 INFO  [scheduling-1] b.c.a.api.scheduling.SchedulingTasks - Executando tarefa a cada 10 segundos: 2025-06-07T08:26:56.880132700
2025-06-07 08:26:56 INFO  [scheduling-1] b.c.a.api.scheduling.SchedulingTasks - Executando tarefa a cada 10 segundos: 2025-06-07T08:26:56.881248600
2025-06-07 08:26:56 INFO  [scheduling-1] b.c.a.api.scheduling.SchedulingTasks - Executando tarefa a cada 10 segundos: 2025-06-07T08:26:56.881248600
2025-06-07 08:26:56 INFO  [scheduling-1] b.c.a.api.scheduling.SchedulingTasks - Executando tarefa a cada 10 segundos: 2025-06-07T08:26:56.881248600
2025-06-07 08:26:56 INFO  [scheduling-1] b.c.a.api.scheduling.SchedulingTasks - Executando tarefa a cada 10 segundos: 2025-06-07T08:26:56.882255400
2025-06-07 08:26:56 INFO  [scheduling-1] b.c.a.api.scheduling.SchedulingTasks - Executando tarefa a cada 10 segundos: 2025-06-07T08:26:56.882255400
2025-06-07 08:26:56 INFO  [scheduling-1] b.c.a.api.scheduling.SchedulingTasks - Executando tarefa a cada 10 segundos: 2025-06-07T08:26:56.882255400
2025-06-07 08:26:56 INFO  [scheduling-1] b.c.a.api.scheduling.SchedulingTasks - Executando tarefa a cada 10 segundos: 2025-06-07T08:26:56.883153800
2025-06-07 08:26:56 INFO  [scheduling-1] b.c.a.api.scheduling.SchedulingTasks - Executando tarefa a cada 10 segundos: 2025-06-07T08:26:56.883153800
2025-06-07 08:26:56 INFO  [scheduling-1] b.c.a.api.scheduling.SchedulingTasks - Executando tarefa a cada 10 segundos: 2025-06-07T08:26:56.884270800
2025-06-07 08:26:56 INFO  [scheduling-1] b.c.a.api.scheduling.SchedulingTasks - Executando tarefa a cada 10 segundos: 2025-06-07T08:26:56.885252500
2025-06-07 08:26:56 INFO  [scheduling-1] b.c.a.api.scheduling.SchedulingTasks - Executando tarefa a cada 10 segundos: 2025-06-07T08:26:56.885252500
2025-06-07 08:26:56 INFO  [scheduling-1] b.c.a.api.scheduling.SchedulingTasks - Executando tarefa a cada 10 segundos: 2025-06-07T08:26:56.885252500
2025-06-07 08:26:56 INFO  [scheduling-1] b.c.a.api.scheduling.SchedulingTasks - Executando tarefa a cada 10 segundos: 2025-06-07T08:26:56.885252500
2025-06-07 08:26:56 INFO  [scheduling-1] b.c.a.api.scheduling.SchedulingTasks - Executando tarefa a cada 10 segundos: 2025-06-07T08:26:56.886250
2025-06-07 08:26:56 INFO  [scheduling-1] b.c.a.api.scheduling.SchedulingTasks - Executando tarefa a cada 10 segundos: 2025-06-07T08:26:56.886250
2025-06-07 08:26:56 INFO  [scheduling-1] b.c.a.api.scheduling.SchedulingTasks - Executando tarefa a cada 10 segundos: 2025-06-07T08:26:56.886250
2025-06-07 08:26:56 INFO  [scheduling-1] b.c.a.api.scheduling.SchedulingTasks - Executando tarefa a cada 10 segundos: 2025-06-07T08:26:56.886250
2025-06-07 08:26:56 INFO  [scheduling-1] b.c.a.api.scheduling.SchedulingTasks - Executando tarefa a cada 10 segundos: 2025-06-07T08:26:56.887255300
2025-06-07 08:26:56 INFO  [scheduling-1] b.c.a.api.scheduling.SchedulingTasks - Executando tarefa a cada 10 segundos: 2025-06-07T08:26:56.887255300
2025-06-07 08:26:56 INFO  [scheduling-1] b.c.a.api.scheduling.SchedulingTasks - Executando tarefa a cada 10 segundos: 2025-06-07T08:26:56.887255300
2025-06-07 08:26:56 INFO  [scheduling-1] b.c.a.api.scheduling.SchedulingTasks - Executando tarefa a cada 10 segundos: 2025-06-07T08:26:56.888265500
2025-06-07 08:26:56 INFO  [scheduling-1] b.c.a.api.scheduling.SchedulingTasks - Executando tarefa a cada 10 segundos: 2025-06-07T08:26:56.888265500
2025-06-07 08:26:56 INFO  [scheduling-1] b.c.a.api.scheduling.SchedulingTasks - Executando tarefa a cada 10 segundos: 2025-06-07T08:26:56.889252600
2025-06-07 08:26:56 INFO  [scheduling-1] b.c.a.api.scheduling.SchedulingTasks - Executando tarefa a cada 10 segundos: 2025-06-07T08:26:56.889252600
2025-06-07 08:26:56 INFO  [scheduling-1] b.c.a.api.scheduling.SchedulingTasks - Executando tarefa a cada 10 segundos: 2025-06-07T08:26:56.889252600
2025-06-07 08:26:56 INFO  [scheduling-1] b.c.a.api.scheduling.SchedulingTasks - Executando tarefa a cada 10 segundos: 2025-06-07T08:26:56.890257
2025-06-07 08:26:56 INFO  [scheduling-1] b.c.a.api.scheduling.SchedulingTasks - Executando tarefa a cada 10 segundos: 2025-06-07T08:26:56.890257
2025-06-07 08:26:56 INFO  [scheduling-1] b.c.a.api.scheduling.SchedulingTasks - Executando tarefa a cada 10 segundos: 2025-06-07T08:26:56.890257
2025-06-07 08:26:56 INFO  [scheduling-1] b.c.a.api.scheduling.SchedulingTasks - Executando tarefa a cada 10 segundos: 2025-06-07T08:26:56.891260400
2025-06-07 08:26:56 INFO  [scheduling-1] b.c.a.api.scheduling.SchedulingTasks - Executando tarefa a cada 10 segundos: 2025-06-07T08:26:56.891260400
2025-06-07 08:26:56 INFO  [scheduling-1] b.c.a.api.scheduling.SchedulingTasks - Executando tarefa a cada 10 segundos: 2025-06-07T08:26:56.891260400
2025-06-07 08:26:56 INFO  [scheduling-1] b.c.a.api.scheduling.SchedulingTasks - Executando tarefa a cada 10 segundos: 2025-06-07T08:26:56.892251800
2025-06-07 08:26:56 INFO  [scheduling-1] b.c.a.api.scheduling.SchedulingTasks - Executando tarefa a cada 10 segundos: 2025-06-07T08:26:56.892251800
2025-06-07 08:26:56 INFO  [scheduling-1] b.c.a.api.scheduling.SchedulingTasks - Executando tarefa a cada 10 segundos: 2025-06-07T08:26:56.892251800
2025-06-07 08:26:56 INFO  [scheduling-1] b.c.a.api.scheduling.SchedulingTasks - Executando tarefa a cada 10 segundos: 2025-06-07T08:26:56.893254300
2025-06-07 08:26:56 INFO  [scheduling-1] b.c.a.api.scheduling.SchedulingTasks - Executando tarefa a cada 10 segundos: 2025-06-07T08:26:56.893254300
2025-06-07 08:26:56 INFO  [scheduling-1] b.c.a.api.scheduling.SchedulingTasks - Executando tarefa a cada 10 segundos: 2025-06-07T08:26:56.893254300
2025-06-07 08:26:56 INFO  [scheduling-1] b.c.a.api.scheduling.SchedulingTasks - Executando tarefa a cada 10 segundos: 2025-06-07T08:26:56.893254300
2025-06-07 08:26:56 INFO  [scheduling-1] b.c.a.api.scheduling.SchedulingTasks - Executando tarefa a cada 10 segundos: 2025-06-07T08:26:56.894259100
2025-06-07 08:26:56 INFO  [scheduling-1] b.c.a.api.scheduling.SchedulingTasks - Executando tarefa a cada 10 segundos: 2025-06-07T08:26:56.894259100
2025-06-07 08:26:56 INFO  [scheduling-1] b.c.a.api.scheduling.SchedulingTasks - Executando tarefa a cada 10 segundos: 2025-06-07T08:26:56.894259100
2025-06-07 08:26:56 INFO  [scheduling-1] b.c.a.api.scheduling.SchedulingTasks - Executando tarefa a cada 10 segundos: 2025-06-07T08:26:56.895255100
2025-06-07 08:26:56 INFO  [scheduling-1] b.c.a.api.scheduling.SchedulingTasks - Executando tarefa a cada 10 segundos: 2025-06-07T08:26:56.895255100
2025-06-07 08:26:56 INFO  [scheduling-1] b.c.a.api.scheduling.SchedulingTasks - Executando tarefa a cada 10 segundos: 2025-06-07T08:26:56.895255100
2025-06-07 08:26:56 INFO  [scheduling-1] b.c.a.api.scheduling.SchedulingTasks - Executando tarefa a cada 10 segundos: 2025-06-07T08:26:56.896214800
2025-06-07 08:26:56 INFO  [scheduling-1] b.c.a.api.scheduling.SchedulingTasks - Executando tarefa a cada 10 segundos: 2025-06-07T08:26:56.896214800
2025-06-07 08:26:56 INFO  [scheduling-1] b.c.a.api.scheduling.SchedulingTasks - Executando tarefa a cada 10 segundos: 2025-06-07T08:26:56.896214800
2025-06-07 08:26:56 INFO  [scheduling-1] b.c.a.api.scheduling.SchedulingTasks - Executando tarefa a cada 10 segundos: 2025-06-07T08:26:56.896214800
2025-06-07 08:26:56 INFO  [scheduling-1] b.c.a.api.scheduling.SchedulingTasks - Executando tarefa a cada 10 segundos: 2025-06-07T08:26:56.897257200
2025-06-07 08:26:56 INFO  [scheduling-1] b.c.a.api.scheduling.SchedulingTasks - Executando tarefa a cada 10 segundos: 2025-06-07T08:26:56.897257200
2025-06-07 08:26:56 INFO  [scheduling-1] b.c.a.api.scheduling.SchedulingTasks - Executando tarefa a cada 10 segundos: 2025-06-07T08:26:56.897257200
2025-06-07 08:26:56 INFO  [scheduling-1] b.c.a.api.scheduling.SchedulingTasks - Executando tarefa a cada 10 segundos: 2025-06-07T08:26:56.898254400
2025-06-07 08:26:56 INFO  [scheduling-1] b.c.a.api.scheduling.SchedulingTasks - Executando tarefa a cada 10 segundos: 2025-06-07T08:26:56.898254400
2025-06-07 08:26:56 INFO  [scheduling-1] b.c.a.api.scheduling.SchedulingTasks - Executando tarefa a cada 10 segundos: 2025-06-07T08:26:56.898254400
2025-06-07 08:26:56 INFO  [scheduling-1] b.c.a.api.scheduling.SchedulingTasks - Executando tarefa a cada 10 segundos: 2025-06-07T08:26:56.898254400
2025-06-07 08:26:56 INFO  [scheduling-1] b.c.a.api.scheduling.SchedulingTasks - Executando tarefa a cada 10 segundos: 2025-06-07T08:26:56.899255400
2025-06-07 08:26:56 INFO  [scheduling-1] b.c.a.api.scheduling.SchedulingTasks - Executando tarefa a cada 10 segundos: 2025-06-07T08:26:56.899255400
2025-06-07 08:26:56 INFO  [scheduling-1] b.c.a.api.scheduling.SchedulingTasks - Executando tarefa a cada 10 segundos: 2025-06-07T08:26:56.899255400
2025-06-07 08:26:56 INFO  [scheduling-1] b.c.a.api.scheduling.SchedulingTasks - Executando tarefa a cada 10 segundos: 2025-06-07T08:26:56.899255400
2025-06-07 08:26:56 INFO  [scheduling-1] b.c.a.api.scheduling.SchedulingTasks - Executando tarefa a cada 10 segundos: 2025-06-07T08:26:56.899255400
2025-06-07 08:26:56 INFO  [scheduling-1] b.c.a.api.scheduling.SchedulingTasks - Executando tarefa a cada 10 segundos: 2025-06-07T08:26:56.899255400
2025-06-07 08:26:56 INFO  [scheduling-1] b.c.a.api.scheduling.SchedulingTasks - Executando tarefa a cada 10 segundos: 2025-06-07T08:26:56.900258700
2025-06-07 08:26:56 INFO  [scheduling-1] b.c.a.api.scheduling.SchedulingTasks - Executando tarefa a cada 10 segundos: 2025-06-07T08:26:56.900258700
2025-06-07 08:26:56 INFO  [scheduling-1] b.c.a.api.scheduling.SchedulingTasks - Executando tarefa a cada 10 segundos: 2025-06-07T08:26:56.900258700
2025-06-07 08:26:56 INFO  [scheduling-1] b.c.a.api.scheduling.SchedulingTasks - Executando tarefa a cada 10 segundos: 2025-06-07T08:26:56.900258700
2025-06-07 08:26:56 INFO  [scheduling-1] b.c.a.api.scheduling.SchedulingTasks - Executando tarefa a cada 10 segundos: 2025-06-07T08:26:56.900258700
2025-06-07 08:26:56 INFO  [scheduling-1] b.c.a.api.scheduling.SchedulingTasks - Executando tarefa a cada 10 segundos: 2025-06-07T08:26:56.900258700
2025-06-07 08:26:56 INFO  [scheduling-1] b.c.a.api.scheduling.SchedulingTasks - Executando tarefa a cada 10 segundos: 2025-06-07T08:26:56.901246900
2025-06-07 08:26:56 INFO  [scheduling-1] b.c.a.api.scheduling.SchedulingTasks - Executando tarefa a cada 10 segundos: 2025-06-07T08:26:56.901246900
2025-06-07 08:26:56 INFO  [scheduling-1] b.c.a.api.scheduling.SchedulingTasks - Executando tarefa a cada 10 segundos: 2025-06-07T08:26:56.901246900
2025-06-07 08:26:56 INFO  [scheduling-1] b.c.a.api.scheduling.SchedulingTasks - Executando tarefa a cada 10 segundos: 2025-06-07T08:26:56.901246900
2025-06-07 08:26:56 INFO  [scheduling-1] b.c.a.api.scheduling.SchedulingTasks - Executando tarefa a cada 10 segundos: 2025-06-07T08:26:56.902254
2025-06-07 08:26:56 INFO  [scheduling-1] b.c.a.api.scheduling.SchedulingTasks - Executando tarefa a cada 10 segundos: 2025-06-07T08:26:56.902254
2025-06-07 08:26:56 INFO  [scheduling-1] b.c.a.api.scheduling.SchedulingTasks - Executando tarefa a cada 10 segundos: 2025-06-07T08:26:56.902254
2025-06-07 08:26:56 INFO  [scheduling-1] b.c.a.api.scheduling.SchedulingTasks - Executando tarefa a cada 10 segundos: 2025-06-07T08:26:56.902254
2025-06-07 08:26:56 INFO  [scheduling-1] b.c.a.api.scheduling.SchedulingTasks - Executando tarefa a cada 10 segundos: 2025-06-07T08:26:56.902254
2025-06-07 08:26:56 INFO  [scheduling-1] b.c.a.api.scheduling.SchedulingTasks - Executando tarefa a cada 10 segundos: 2025-06-07T08:26:56.902254
2025-06-07 08:26:56 INFO  [scheduling-1] b.c.a.api.scheduling.SchedulingTasks - Executando tarefa a cada 10 segundos: 2025-06-07T08:26:56.903251700
2025-06-07 08:26:56 INFO  [scheduling-1] b.c.a.api.scheduling.SchedulingTasks - Executando tarefa a cada 10 segundos: 2025-06-07T08:26:56.903251700
2025-06-07 08:26:56 INFO  [scheduling-1] b.c.a.api.scheduling.SchedulingTasks - Executando tarefa a cada 10 segundos: 2025-06-07T08:26:56.903251700
2025-06-07 08:26:56 INFO  [scheduling-1] b.c.a.api.scheduling.SchedulingTasks - Executando tarefa a cada 10 segundos: 2025-06-07T08:26:56.903251700
2025-06-07 08:26:56 INFO  [scheduling-1] b.c.a.api.scheduling.SchedulingTasks - Executando tarefa a cada 10 segundos: 2025-06-07T08:26:56.903251700
2025-06-07 08:26:56 INFO  [scheduling-1] b.c.a.api.scheduling.SchedulingTasks - Executando tarefa a cada 10 segundos: 2025-06-07T08:26:56.903251700
2025-06-07 08:26:56 INFO  [scheduling-1] b.c.a.api.scheduling.SchedulingTasks - Executando tarefa a cada 10 segundos: 2025-06-07T08:26:56.903251700
2025-06-07 08:26:56 INFO  [scheduling-1] b.c.a.api.scheduling.SchedulingTasks - Executando tarefa a cada 10 segundos: 2025-06-07T08:26:56.903251700
2025-06-07 08:26:56 INFO  [scheduling-1] b.c.a.api.scheduling.SchedulingTasks - Executando tarefa a cada 10 segundos: 2025-06-07T08:26:56.903251700
2025-06-07 08:26:56 INFO  [scheduling-1] b.c.a.api.scheduling.SchedulingTasks - Executando tarefa a cada 10 segundos: 2025-06-07T08:26:56.904389600
2025-06-07 08:26:56 INFO  [scheduling-1] b.c.a.api.scheduling.SchedulingTasks - Executando tarefa a cada 10 segundos: 2025-06-07T08:26:56.904389600
2025-06-07 08:26:56 INFO  [scheduling-1] b.c.a.api.scheduling.SchedulingTasks - Executando tarefa a cada 10 segundos: 2025-06-07T08:26:56.904389600
2025-06-07 08:26:56 INFO  [scheduling-1] b.c.a.api.scheduling.SchedulingTasks - Executando tarefa a cada 10 segundos: 2025-06-07T08:26:56.904389600
2025-06-07 08:26:56 INFO  [scheduling-1] b.c.a.api.scheduling.SchedulingTasks - Executando tarefa a cada 10 segundos: 2025-06-07T08:26:56.904389600
2025-06-07 08:26:56 INFO  [scheduling-1] b.c.a.api.scheduling.SchedulingTasks - Executando tarefa a cada 10 segundos: 2025-06-07T08:26:56.904389600
2025-06-07 08:26:56 INFO  [scheduling-1] b.c.a.api.scheduling.SchedulingTasks - Executando tarefa a cada 10 segundos: 2025-06-07T08:26:56.904389600
2025-06-07 08:26:56 INFO  [scheduling-1] b.c.a.api.scheduling.SchedulingTasks - Executando tarefa a cada 10 segundos: 2025-06-07T08:26:56.904389600
2025-06-07 08:26:56 INFO  [scheduling-1] b.c.a.api.scheduling.SchedulingTasks - Executando tarefa a cada 10 segundos: 2025-06-07T08:26:56.905382400
2025-06-07 08:26:56 INFO  [scheduling-1] b.c.a.api.scheduling.SchedulingTasks - Executando tarefa a cada 10 segundos: 2025-06-07T08:26:56.905382400
2025-06-07 08:26:56 INFO  [scheduling-1] b.c.a.api.scheduling.SchedulingTasks - Executando tarefa a cada 10 segundos: 2025-06-07T08:26:56.905382400
2025-06-07 08:26:56 INFO  [scheduling-1] b.c.a.api.scheduling.SchedulingTasks - Executando tarefa a cada 10 segundos: 2025-06-07T08:26:56.905382400
2025-06-07 08:26:56 INFO  [scheduling-1] b.c.a.api.scheduling.SchedulingTasks - Executando tarefa a cada 10 segundos: 2025-06-07T08:26:56.905382400
2025-06-07 08:26:56 INFO  [scheduling-1] b.c.a.api.scheduling.SchedulingTasks - Executando tarefa a cada 10 segundos: 2025-06-07T08:26:56.905382400
2025-06-07 08:26:56 INFO  [scheduling-1] b.c.a.api.scheduling.SchedulingTasks - Executando tarefa a cada 10 segundos: 2025-06-07T08:26:56.905382400
2025-06-07 08:26:56 INFO  [scheduling-1] b.c.a.api.scheduling.SchedulingTasks - Executando tarefa a cada 10 segundos: 2025-06-07T08:26:56.905382400
2025-06-07 08:26:56 INFO  [scheduling-1] b.c.a.api.scheduling.SchedulingTasks - Executando tarefa a cada 10 segundos: 2025-06-07T08:26:56.906380600
2025-06-07 08:26:56 INFO  [scheduling-1] b.c.a.api.scheduling.SchedulingTasks - Executando tarefa a cada 10 segundos: 2025-06-07T08:26:56.906380600
2025-06-07 08:26:56 INFO  [scheduling-1] b.c.a.api.scheduling.SchedulingTasks - Executando tarefa a cada 10 segundos: 2025-06-07T08:26:56.906380600
2025-06-07 08:26:56 INFO  [scheduling-1] b.c.a.api.scheduling.SchedulingTasks - Executando tarefa a cada 10 segundos: 2025-06-07T08:26:56.906380600
2025-06-07 08:26:56 INFO  [scheduling-1] b.c.a.api.scheduling.SchedulingTasks - Executando tarefa a cada 10 segundos: 2025-06-07T08:26:56.906380600
2025-06-07 08:26:56 INFO  [scheduling-1] b.c.a.api.scheduling.SchedulingTasks - Executando tarefa a cada 10 segundos: 2025-06-07T08:26:56.906380600
2025-06-07 08:26:56 INFO  [scheduling-1] b.c.a.api.scheduling.SchedulingTasks - Executando tarefa a cada 10 segundos: 2025-06-07T08:26:56.906380600
2025-06-07 08:26:56 INFO  [scheduling-1] b.c.a.api.scheduling.SchedulingTasks - Executando tarefa a cada 10 segundos: 2025-06-07T08:26:56.906380600
2025-06-07 08:26:56 INFO  [scheduling-1] b.c.a.api.scheduling.SchedulingTasks - Executando tarefa a cada 10 segundos: 2025-06-07T08:26:56.906380600
2025-06-07 08:26:56 INFO  [scheduling-1] b.c.a.api.scheduling.SchedulingTasks - Executando tarefa a cada 10 segundos: 2025-06-07T08:26:56.906380600
2025-06-07 08:26:56 INFO  [scheduling-1] b.c.a.api.scheduling.SchedulingTasks - Executando tarefa a cada 10 segundos: 2025-06-07T08:26:56.906380600
2025-06-07 08:26:56 INFO  [scheduling-1] b.c.a.api.scheduling.SchedulingTasks - Executando tarefa a cada 10 segundos: 2025-06-07T08:26:56.907369300
2025-06-07 08:26:56 INFO  [scheduling-1] b.c.a.api.scheduling.SchedulingTasks - Executando tarefa a cada 10 segundos: 2025-06-07T08:26:56.907369300
2025-06-07 08:26:56 INFO  [scheduling-1] b.c.a.api.scheduling.SchedulingTasks - Executando tarefa a cada 10 segundos: 2025-06-07T08:26:56.907369300
2025-06-07 08:26:56 INFO  [scheduling-1] b.c.a.api.scheduling.SchedulingTasks - Executando tarefa a cada 10 segundos: 2025-06-07T08:26:56.907369300
2025-06-07 08:26:56 INFO  [scheduling-1] b.c.a.api.scheduling.SchedulingTasks - Executando tarefa a cada 10 segundos: 2025-06-07T08:26:56.907369300
2025-06-07 08:26:56 INFO  [scheduling-1] b.c.a.api.scheduling.SchedulingTasks - Executando tarefa a cada 10 segundos: 2025-06-07T08:26:56.907369300
2025-06-07 08:26:56 INFO  [scheduling-1] b.c.a.api.scheduling.SchedulingTasks - Executando tarefa a cada 10 segundos: 2025-06-07T08:26:56.908383500
2025-06-07 08:26:56 INFO  [scheduling-1] b.c.a.api.scheduling.SchedulingTasks - Executando tarefa a cada 10 segundos: 2025-06-07T08:26:56.908383500
2025-06-07 08:26:56 INFO  [scheduling-1] b.c.a.api.scheduling.SchedulingTasks - Executando tarefa a cada 10 segundos: 2025-06-07T08:26:56.908383500
2025-06-07 08:26:56 INFO  [scheduling-1] b.c.a.api.scheduling.SchedulingTasks - Executando tarefa a cada 10 segundos: 2025-06-07T08:26:56.908383500
2025-06-07 08:26:56 INFO  [scheduling-1] b.c.a.api.scheduling.SchedulingTasks - Executando tarefa a cada 10 segundos: 2025-06-07T08:26:56.908383500
2025-06-07 08:26:56 INFO  [scheduling-1] b.c.a.api.scheduling.SchedulingTasks - Executando tarefa a cada 10 segundos: 2025-06-07T08:26:56.908383500
2025-06-07 08:26:56 INFO  [scheduling-1] b.c.a.api.scheduling.SchedulingTasks - Executando tarefa a cada 10 segundos: 2025-06-07T08:26:56.908383500
2025-06-07 08:26:56 INFO  [scheduling-1] b.c.a.api.scheduling.SchedulingTasks - Executando tarefa a cada 10 segundos: 2025-06-07T08:26:56.908383500
2025-06-07 08:26:56 INFO  [scheduling-1] b.c.a.api.scheduling.SchedulingTasks - Executando tarefa a cada 10 segundos: 2025-06-07T08:26:56.909372900
2025-06-07 08:26:56 INFO  [scheduling-1] b.c.a.api.scheduling.SchedulingTasks - Executando tarefa a cada 10 segundos: 2025-06-07T08:26:56.909372900
2025-06-07 08:26:56 INFO  [scheduling-1] b.c.a.api.scheduling.SchedulingTasks - Executando tarefa a cada 10 segundos: 2025-06-07T08:26:56.909372900
2025-06-07 08:26:56 INFO  [scheduling-1] b.c.a.api.scheduling.SchedulingTasks - Executando tarefa a cada 10 segundos: 2025-06-07T08:26:56.909372900
2025-06-07 08:26:56 INFO  [scheduling-1] b.c.a.api.scheduling.SchedulingTasks - Executando tarefa a cada 10 segundos: 2025-06-07T08:26:56.910373200
2025-06-07 08:26:56 INFO  [scheduling-1] b.c.a.api.scheduling.SchedulingTasks - Executando tarefa a cada 10 segundos: 2025-06-07T08:26:56.910373200
2025-06-07 08:26:56 INFO  [scheduling-1] b.c.a.api.scheduling.SchedulingTasks - Executando tarefa a cada 10 segundos: 2025-06-07T08:26:56.910373200
2025-06-07 08:26:56 INFO  [scheduling-1] b.c.a.api.scheduling.SchedulingTasks - Executando tarefa a cada 10 segundos: 2025-06-07T08:26:56.910373200
2025-06-07 08:26:56 INFO  [scheduling-1] b.c.a.api.scheduling.SchedulingTasks - Executando tarefa a cada 10 segundos: 2025-06-07T08:26:56.911371900
2025-06-07 08:26:56 INFO  [scheduling-1] b.c.a.api.scheduling.SchedulingTasks - Executando tarefa a cada 10 segundos: 2025-06-07T08:26:56.911371900
2025-06-07 08:26:56 INFO  [scheduling-1] b.c.a.api.scheduling.SchedulingTasks - Executando tarefa a cada 10 segundos: 2025-06-07T08:26:56.911371900
2025-06-07 08:26:56 INFO  [scheduling-1] b.c.a.api.scheduling.SchedulingTasks - Executando tarefa a cada 10 segundos: 2025-06-07T08:26:56.912372400
2025-06-07 08:26:56 INFO  [scheduling-1] b.c.a.api.scheduling.SchedulingTasks - Executando tarefa a cada 10 segundos: 2025-06-07T08:26:56.912372400
2025-06-07 08:26:56 INFO  [scheduling-1] b.c.a.api.scheduling.SchedulingTasks - Executando tarefa a cada 10 segundos: 2025-06-07T08:26:56.912372400
2025-06-07 08:26:56 INFO  [scheduling-1] b.c.a.api.scheduling.SchedulingTasks - Executando tarefa a cada 10 segundos: 2025-06-07T08:26:56.912372400
2025-06-07 08:26:56 INFO  [scheduling-1] b.c.a.api.scheduling.SchedulingTasks - Executando tarefa a cada 10 segundos: 2025-06-07T08:26:56.912372400
2025-06-07 08:26:56 INFO  [scheduling-1] b.c.a.api.scheduling.SchedulingTasks - Executando tarefa a cada 10 segundos: 2025-06-07T08:26:56.913370500
2025-06-07 08:26:56 INFO  [scheduling-1] b.c.a.api.scheduling.SchedulingTasks - Executando tarefa a cada 10 segundos: 2025-06-07T08:26:56.913370500
2025-06-07 08:26:56 INFO  [scheduling-1] b.c.a.api.scheduling.SchedulingTasks - Executando tarefa a cada 10 segundos: 2025-06-07T08:26:56.914374
2025-06-07 08:26:56 INFO  [scheduling-1] b.c.a.api.scheduling.SchedulingTasks - Executando tarefa a cada 10 segundos: 2025-06-07T08:26:56.914374
2025-06-07 08:26:56 INFO  [scheduling-1] b.c.a.api.scheduling.SchedulingTasks - Executando tarefa a cada 10 segundos: 2025-06-07T08:26:56.914374
2025-06-07 08:26:56 INFO  [scheduling-1] b.c.a.api.scheduling.SchedulingTasks - Executando tarefa a cada 10 segundos: 2025-06-07T08:26:56.914374
2025-06-07 08:26:56 INFO  [scheduling-1] b.c.a.api.scheduling.SchedulingTasks - Executando tarefa a cada 10 segundos: 2025-06-07T08:26:56.915371900
2025-06-07 08:26:56 INFO  [scheduling-1] b.c.a.api.scheduling.SchedulingTasks - Executando tarefa a cada 10 segundos: 2025-06-07T08:26:56.915371900
2025-06-07 08:26:56 INFO  [scheduling-1] b.c.a.api.scheduling.SchedulingTasks - Executando tarefa a cada 10 segundos: 2025-06-07T08:26:56.915371900
2025-06-07 08:26:56 INFO  [scheduling-1] b.c.a.api.scheduling.SchedulingTasks - Executando tarefa a cada 10 segundos: 2025-06-07T08:26:56.915371900
2025-06-07 08:26:56 INFO  [scheduling-1] b.c.a.api.scheduling.SchedulingTasks - Executando tarefa a cada 10 segundos: 2025-06-07T08:26:56.915371900
2025-06-07 08:26:56 INFO  [scheduling-1] b.c.a.api.scheduling.SchedulingTasks - Executando tarefa a cada 10 segundos: 2025-06-07T08:26:56.916370700
2025-06-07 08:26:56 INFO  [scheduling-1] b.c.a.api.scheduling.SchedulingTasks - Executando tarefa a cada 10 segundos: 2025-06-07T08:26:56.916370700
2025-06-07 08:26:56 INFO  [scheduling-1] b.c.a.api.scheduling.SchedulingTasks - Executando tarefa a cada 10 segundos: 2025-06-07T08:26:56.916370700
2025-06-07 08:26:56 INFO  [scheduling-1] b.c.a.api.scheduling.SchedulingTasks - Executando tarefa a cada 10 segundos: 2025-06-07T08:26:56.916370700
2025-06-07 08:26:56 INFO  [scheduling-1] b.c.a.api.scheduling.SchedulingTasks - Executando tarefa a cada 10 segundos: 2025-06-07T08:26:56.916370700
2025-06-07 08:26:56 INFO  [scheduling-1] b.c.a.api.scheduling.SchedulingTasks - Executando tarefa a cada 10 segundos: 2025-06-07T08:26:56.916370700
2025-06-07 08:26:56 INFO  [scheduling-1] b.c.a.api.scheduling.SchedulingTasks - Executando tarefa a cada 10 segundos: 2025-06-07T08:26:56.917385500
2025-06-07 08:26:56 INFO  [scheduling-1] b.c.a.api.scheduling.SchedulingTasks - Executando tarefa a cada 10 segundos: 2025-06-07T08:26:56.917385500
2025-06-07 08:26:56 INFO  [scheduling-1] b.c.a.api.scheduling.SchedulingTasks - Executando tarefa a cada 10 segundos: 2025-06-07T08:26:56.917385500
2025-06-07 08:26:56 INFO  [scheduling-1] b.c.a.api.scheduling.SchedulingTasks - Executando tarefa a cada 10 segundos: 2025-06-07T08:26:56.917385500
2025-06-07 08:26:56 INFO  [scheduling-1] b.c.a.api.scheduling.SchedulingTasks - Executando tarefa a cada 10 segundos: 2025-06-07T08:26:56.917385500
2025-06-07 08:27:05 INFO  [scheduling-1] b.c.a.api.scheduling.SchedulingTasks - Executando tarefa a cada 10 segundos: 2025-06-07T08:27:05.209614300
2025-06-07 08:27:11 INFO  [scheduling-1] b.c.a.api.scheduling.SchedulingTasks - Executando tarefa a cada 10 segundos: 2025-06-07T08:27:11.883555500
2025-06-07 08:27:15 INFO  [scheduling-1] b.c.a.api.scheduling.SchedulingTasks - Executando tarefa a cada 10 segundos: 2025-06-07T08:27:15.210116100
2025-06-07 08:27:25 INFO  [scheduling-1] b.c.a.api.scheduling.SchedulingTasks - Executando tarefa a cada 10 segundos: 2025-06-07T08:27:25.209594400
2025-06-07 08:27:26 INFO  [scheduling-1] b.c.a.api.scheduling.SchedulingTasks - Executando tarefa a cada 10 segundos: 2025-06-07T08:27:26.885825300
2025-06-07 08:27:35 INFO  [scheduling-1] b.c.a.api.scheduling.SchedulingTasks - Executando tarefa a cada 10 segundos: 2025-06-07T08:27:35.210252200
2025-06-07 08:27:41 INFO  [scheduling-1] b.c.a.api.scheduling.SchedulingTasks - Executando tarefa a cada 10 segundos: 2025-06-07T08:27:41.888042800
2025-06-07 08:27:45 INFO  [scheduling-1] b.c.a.api.scheduling.SchedulingTasks - Executando tarefa a cada 10 segundos: 2025-06-07T08:27:45.211137900
2025-06-07 08:27:55 INFO  [scheduling-1] b.c.a.api.scheduling.SchedulingTasks - Executando tarefa a cada 10 segundos: 2025-06-07T08:27:55.209660500
2025-06-07 08:27:56 INFO  [scheduling-1] b.c.a.api.scheduling.SchedulingTasks - Executando tarefa a cada 10 segundos: 2025-06-07T08:27:56.889201800
2025-06-07 08:28:05 INFO  [scheduling-1] b.c.a.api.scheduling.SchedulingTasks - Executando tarefa a cada 10 segundos: 2025-06-07T08:28:05.210941100
2025-06-07 08:28:11 INFO  [scheduling-1] b.c.a.api.scheduling.SchedulingTasks - Executando tarefa a cada 10 segundos: 2025-06-07T08:28:11.891462400
2025-06-07 08:28:15 INFO  [scheduling-1] b.c.a.api.scheduling.SchedulingTasks - Executando tarefa a cada 10 segundos: 2025-06-07T08:28:15.210859800
2025-06-07 08:28:25 INFO  [scheduling-1] b.c.a.api.scheduling.SchedulingTasks - Executando tarefa a cada 10 segundos: 2025-06-07T08:28:25.210920300
2025-06-07 08:28:26 INFO  [scheduling-1] b.c.a.api.scheduling.SchedulingTasks - Executando tarefa a cada 10 segundos: 2025-06-07T08:28:26.892311600
2025-06-07 08:28:35 INFO  [scheduling-1] b.c.a.api.scheduling.SchedulingTasks - Executando tarefa a cada 10 segundos: 2025-06-07T08:28:35.209319600
2025-06-07 08:28:41 INFO  [scheduling-1] b.c.a.api.scheduling.SchedulingTasks - Executando tarefa a cada 10 segundos: 2025-06-07T08:28:41.892672300
2025-06-07 08:28:45 INFO  [scheduling-1] b.c.a.api.scheduling.SchedulingTasks - Executando tarefa a cada 10 segundos: 2025-06-07T08:28:45.210725700
2025-06-07 08:28:54 INFO  [SpringApplicationShutdownHook] o.s.b.w.e.tomcat.GracefulShutdown - Commencing graceful shutdown. Waiting for active requests to complete
2025-06-07 08:28:55 INFO  [tomcat-shutdown] o.s.b.w.e.tomcat.GracefulShutdown - Graceful shutdown complete
2025-06-07 08:28:55 INFO  [SpringApplicationShutdownHook] o.s.o.j.LocalContainerEntityManagerFactoryBean - Closing JPA EntityManagerFactory for persistence unit 'default'
2025-06-07 08:28:55 INFO  [SpringApplicationShutdownHook] com.zaxxer.hikari.HikariDataSource - HikariPool-1 - Shutdown initiated...
2025-06-07 08:28:55 INFO  [SpringApplicationShutdownHook] com.zaxxer.hikari.HikariDataSource - HikariPool-1 - Shutdown completed.
